--------------------------------------------------------------------------
Primary job  terminated normally, but 1 process returned
a non-zero exit code. Per user-direction, the job has been aborted.
--------------------------------------------------------------------------
--------------------------------------------------------------------------
An MPI communication peer process has unexpectedly disconnected.  This
usually indicates a failure in the peer process (e.g., a crash or
otherwise exiting without calling MPI_FINALIZE first).

Although this local MPI process will likely now behave unpredictably
(it may even hang or crash), the root cause of this problem is the
failure of the peer -- that is what you need to investigate.  For
example, there may be a core file that you can examine.  More
generally: such peer hangups are frequently caused by application bugs
or other external events.

  Local host: anu-hpc-2025-cpu-cluster-3-of-3
  Local PID:  10137
  Peer host:  anu-hpc-2025-cpu-cluster-1-of-3
--------------------------------------------------------------------------
--------------------------------------------------------------------------
WARNING: Open MPI failed to TCP connect to a peer MPI process.  This
should not happen.

Your Open MPI job may now hang or fail.

  Local host: anu-hpc-2025-cpu-cluster-2-of-3
  PID:        11406
  Message:    connect() to 10.3.248.195:1039 failed
  Error:      Operation now in progress (115)
--------------------------------------------------------------------------
--------------------------------------------------------------------------
mpirun noticed that process rank 2 with PID 0 on node anu-hpc-2025-cpu-cluster-1-of-3 exited on signal 9 (Killed).
--------------------------------------------------------------------------
[anu-hpc-2025-cpu-cluster-1-of-3:393185] 2 more processes have sent help message help-mpi-btl-tcp.txt / client connect fail
[anu-hpc-2025-cpu-cluster-1-of-3:393185] Set MCA parameter "orte_base_help_aggregate" to 0 to see all help / error messages
