================================================================================
AMD Zen HPL 2024_10_08
Using AOCL BLIS
================================================================================
Derived from:
HPLinpack 2.3  --  High-Performance Linpack benchmark  --   December 2, 2018
Written by A. Petitet and R. Clint Whaley,  Innovative Computing Laboratory, UTK
Modified by Piotr Luszczek, Innovative Computing Laboratory, UTK
Modified by Julien Langou, University of Colorado Denver
================================================================================

An explanation of the input/output parameters follows:
T/V    : Wall time / encoded variant.
N      : The order of the coefficient matrix A.
NB     : The partitioning blocking factor.
P      : The number of process rows.
Q      : The number of process columns.
Time   : Time in seconds to solve the linear system.
Gflops : Rate of execution for solving the linear system.

The following parameter values will be used:

N      :  120000 
NB     :     256 
PMAP   : Row-major process mapping
P      :      12 
Q      :      16 
PFACT  :    Left    Crout    Right 
NBMIN  :       2        4 
NDIV   :       2 
RFACT  :    Left    Crout    Right 
BCAST  :   2ring 
DEPTH  :       1 
SWAP   : (002) Mix (@ 64)
L1     : transposed form
A      : no-transposed form (ColMajor)
EQUIL  : yes
ALIGN  : 8 double precision words
MXSWP  : (O/o) Orig 

--------------------------------------------------------------------------------

- The matrix A is randomly generated for each test.
- The following scaled residual check will be computed:
      ||Ax-b||_oo / ( eps * ( || x ||_oo * || A ||_oo + || b ||_oo ) * N )
- The relative machine precision (eps) is taken to be               1.110223e-16
- Computational tests pass if scaled residuals are less than                16.0

================================================================================
T/V         SWP           N    NB     P     Q            Time             Gflops
--------------------------------------------------------------------------------
WRC12L2L2o 002       120000   256    12    16          388.32         2.9667e+03
HPL_pdgesv() start time Fri Oct 10 13:14:43 2025
HPL_pdgesv() end time   Fri Oct 10 13:21:11 2025
--------------------------------------------------------------------------------
||Ax-b||_oo/(eps*(||A||_oo*||x||_oo+||b||_oo)*N)=   1.68180484e-03 ...... PASSED
================================================================================
T/V         SWP           N    NB     P     Q            Time             Gflops
--------------------------------------------------------------------------------
WRC12L2L4o 002       120000   256    12    16          385.71         2.9868e+03
HPL_pdgesv() start time Fri Oct 10 13:21:16 2025
HPL_pdgesv() end time   Fri Oct 10 13:27:42 2025
--------------------------------------------------------------------------------
||Ax-b||_oo/(eps*(||A||_oo*||x||_oo+||b||_oo)*N)=   1.78894643e-03 ...... PASSED
================================================================================
T/V         SWP           N    NB     P     Q            Time             Gflops
--------------------------------------------------------------------------------
WRC12L2C2o 002       120000   256    12    16          369.16         3.1207e+03
HPL_pdgesv() start time Fri Oct 10 13:27:45 2025
HPL_pdgesv() end time   Fri Oct 10 13:33:54 2025
--------------------------------------------------------------------------------
||Ax-b||_oo/(eps*(||A||_oo*||x||_oo+||b||_oo)*N)=   1.68180484e-03 ...... PASSED
================================================================================
T/V         SWP           N    NB     P     Q            Time             Gflops
--------------------------------------------------------------------------------
WRC12L2C4o 002       120000   256    12    16          367.61         3.1338e+03
HPL_pdgesv() start time Fri Oct 10 13:33:58 2025
HPL_pdgesv() end time   Fri Oct 10 13:40:05 2025
--------------------------------------------------------------------------------
||Ax-b||_oo/(eps*(||A||_oo*||x||_oo+||b||_oo)*N)=   1.80145885e-03 ...... PASSED
================================================================================
T/V         SWP           N    NB     P     Q            Time             Gflops
--------------------------------------------------------------------------------
WRC12L2R2o 002       120000   256    12    16          380.90         3.0244e+03
HPL_pdgesv() start time Fri Oct 10 13:40:09 2025
HPL_pdgesv() end time   Fri Oct 10 13:46:30 2025
--------------------------------------------------------------------------------
||Ax-b||_oo/(eps*(||A||_oo*||x||_oo+||b||_oo)*N)=   1.68180484e-03 ...... PASSED
================================================================================
T/V         SWP           N    NB     P     Q            Time             Gflops
--------------------------------------------------------------------------------
WRC12L2R4o 002       120000   256    12    16          402.52         2.8620e+03
HPL_pdgesv() start time Fri Oct 10 13:46:34 2025
HPL_pdgesv() end time   Fri Oct 10 13:53:16 2025
--------------------------------------------------------------------------------
||Ax-b||_oo/(eps*(||A||_oo*||x||_oo+||b||_oo)*N)=   1.80145885e-03 ...... PASSED
================================================================================
T/V         SWP           N    NB     P     Q            Time             Gflops
--------------------------------------------------------------------------------
WRC12C2L2o 002       120000   256    12    16          387.17         2.9755e+03
HPL_pdgesv() start time Fri Oct 10 13:53:20 2025
HPL_pdgesv() end time   Fri Oct 10 13:59:47 2025
--------------------------------------------------------------------------------
||Ax-b||_oo/(eps*(||A||_oo*||x||_oo+||b||_oo)*N)=   1.68180484e-03 ...... PASSED
================================================================================
T/V         SWP           N    NB     P     Q            Time             Gflops
--------------------------------------------------------------------------------
WRC12C2L4o 002       120000   256    12    16          382.68         3.0104e+03
HPL_pdgesv() start time Fri Oct 10 13:59:51 2025
HPL_pdgesv() end time   Fri Oct 10 14:06:14 2025
--------------------------------------------------------------------------------
||Ax-b||_oo/(eps*(||A||_oo*||x||_oo+||b||_oo)*N)=   1.78894643e-03 ...... PASSED
================================================================================
T/V         SWP           N    NB     P     Q            Time             Gflops
--------------------------------------------------------------------------------
WRC12C2C2o 002       120000   256    12    16          394.89         2.9173e+03
HPL_pdgesv() start time Fri Oct 10 14:06:18 2025
HPL_pdgesv() end time   Fri Oct 10 14:12:53 2025
--------------------------------------------------------------------------------
||Ax-b||_oo/(eps*(||A||_oo*||x||_oo+||b||_oo)*N)=   1.68180484e-03 ...... PASSED
================================================================================
T/V         SWP           N    NB     P     Q            Time             Gflops
--------------------------------------------------------------------------------
WRC12C2C4o 002       120000   256    12    16          361.99         3.1825e+03
HPL_pdgesv() start time Fri Oct 10 14:12:57 2025
HPL_pdgesv() end time   Fri Oct 10 14:18:59 2025
--------------------------------------------------------------------------------
||Ax-b||_oo/(eps*(||A||_oo*||x||_oo+||b||_oo)*N)=   1.80145885e-03 ...... PASSED
================================================================================
T/V         SWP           N    NB     P     Q            Time             Gflops
--------------------------------------------------------------------------------
WRC12C2R2o 002       120000   256    12    16          374.24         3.0783e+03
HPL_pdgesv() start time Fri Oct 10 14:19:02 2025
HPL_pdgesv() end time   Fri Oct 10 14:25:16 2025
--------------------------------------------------------------------------------
||Ax-b||_oo/(eps*(||A||_oo*||x||_oo+||b||_oo)*N)=   1.68180484e-03 ...... PASSED
================================================================================
T/V         SWP           N    NB     P     Q            Time             Gflops
--------------------------------------------------------------------------------
WRC12C2R4o 002       120000   256    12    16          357.32         3.2241e+03
HPL_pdgesv() start time Fri Oct 10 14:25:21 2025
HPL_pdgesv() end time   Fri Oct 10 14:31:18 2025
--------------------------------------------------------------------------------
||Ax-b||_oo/(eps*(||A||_oo*||x||_oo+||b||_oo)*N)=   1.80145885e-03 ...... PASSED
================================================================================
T/V         SWP           N    NB     P     Q            Time             Gflops
--------------------------------------------------------------------------------
WRC12R2L2o 002       120000   256    12    16          372.81         3.0901e+03
HPL_pdgesv() start time Fri Oct 10 14:31:21 2025
HPL_pdgesv() end time   Fri Oct 10 14:37:34 2025
--------------------------------------------------------------------------------
||Ax-b||_oo/(eps*(||A||_oo*||x||_oo+||b||_oo)*N)=   1.68180484e-03 ...... PASSED
================================================================================
T/V         SWP           N    NB     P     Q            Time             Gflops
--------------------------------------------------------------------------------
WRC12R2L4o 002       120000   256    12    16          362.48         3.1782e+03
HPL_pdgesv() start time Fri Oct 10 14:37:37 2025
HPL_pdgesv() end time   Fri Oct 10 14:43:39 2025
--------------------------------------------------------------------------------
||Ax-b||_oo/(eps*(||A||_oo*||x||_oo+||b||_oo)*N)=   1.78894643e-03 ...... PASSED
================================================================================
T/V         SWP           N    NB     P     Q            Time             Gflops
--------------------------------------------------------------------------------
WRC12R2C2o 002       120000   256    12    16          357.95         3.2184e+03
HPL_pdgesv() start time Fri Oct 10 14:43:42 2025
HPL_pdgesv() end time   Fri Oct 10 14:49:40 2025
--------------------------------------------------------------------------------
||Ax-b||_oo/(eps*(||A||_oo*||x||_oo+||b||_oo)*N)=   1.68180484e-03 ...... PASSED
================================================================================
T/V         SWP           N    NB     P     Q            Time             Gflops
--------------------------------------------------------------------------------
WRC12R2C4o 002       120000   256    12    16          356.18         3.2344e+03
HPL_pdgesv() start time Fri Oct 10 14:49:42 2025
HPL_pdgesv() end time   Fri Oct 10 14:55:38 2025
--------------------------------------------------------------------------------
||Ax-b||_oo/(eps*(||A||_oo*||x||_oo+||b||_oo)*N)=   1.80145885e-03 ...... PASSED
================================================================================
T/V         SWP           N    NB     P     Q            Time             Gflops
--------------------------------------------------------------------------------
WRC12R2R2o 002       120000   256    12    16          360.69         3.1940e+03
HPL_pdgesv() start time Fri Oct 10 14:55:42 2025
HPL_pdgesv() end time   Fri Oct 10 15:01:43 2025
--------------------------------------------------------------------------------
||Ax-b||_oo/(eps*(||A||_oo*||x||_oo+||b||_oo)*N)=   1.68180484e-03 ...... PASSED
================================================================================
T/V         SWP           N    NB     P     Q            Time             Gflops
--------------------------------------------------------------------------------
WRC12R2R4o 002       120000   256    12    16          361.05         3.1908e+03
HPL_pdgesv() start time Fri Oct 10 15:01:45 2025
HPL_pdgesv() end time   Fri Oct 10 15:07:46 2025
--------------------------------------------------------------------------------
||Ax-b||_oo/(eps*(||A||_oo*||x||_oo+||b||_oo)*N)=   1.80145885e-03 ...... PASSED
================================================================================

Finished     18 tests with the following results:
             18 tests completed and passed residual checks,
              0 tests completed and failed residual checks,
              0 tests skipped because of illegal input values.
--------------------------------------------------------------------------------

End of Tests.
================================================================================
