================================================================================
AMD Zen HPL 2024_10_08
Using AOCL BLIS
================================================================================
Derived from:
HPLinpack 2.3  --  High-Performance Linpack benchmark  --   December 2, 2018
Written by A. Petitet and R. Clint Whaley,  Innovative Computing Laboratory, UTK
Modified by Piotr Luszczek, Innovative Computing Laboratory, UTK
Modified by Julien Langou, University of Colorado Denver
================================================================================

An explanation of the input/output parameters follows:
T/V    : Wall time / encoded variant.
N      : The order of the coefficient matrix A.
NB     : The partitioning blocking factor.
P      : The number of process rows.
Q      : The number of process columns.
Time   : Time in seconds to solve the linear system.
Gflops : Rate of execution for solving the linear system.

The following parameter values will be used:

N      :   10000 
NB     :     128 
PMAP   : Row-major process mapping
P      :       8 
Q      :      16 
PFACT  :    Left    Crout    Right 
NBMIN  :       2        4 
NDIV   :       2 
RFACT  :    Left    Crout    Right 
BCAST  :   2ring 
DEPTH  :       1 
SWAP   : (002) Mix (@ 64)
L1     : transposed form
A      : no-transposed form (ColMajor)
EQUIL  : yes
ALIGN  : 8 double precision words
MXSWP  : (O/o) Orig 

--------------------------------------------------------------------------------

- The matrix A is randomly generated for each test.
- The following scaled residual check will be computed:
      ||Ax-b||_oo / ( eps * ( || x ||_oo * || A ||_oo + || b ||_oo ) * N )
- The relative machine precision (eps) is taken to be               1.110223e-16
- Computational tests pass if scaled residuals are less than                16.0

================================================================================
T/V         SWP           N    NB     P     Q            Time             Gflops
--------------------------------------------------------------------------------
WRC12L2L2o 002        10000   128     8    16            4.51         1.4771e+02
HPL_pdgesv() start time Fri Oct 10 12:39:27 2025
HPL_pdgesv() end time   Fri Oct 10 12:39:32 2025
--------------------------------------------------------------------------------
||Ax-b||_oo/(eps*(||A||_oo*||x||_oo+||b||_oo)*N)=   3.72988033e-03 ...... PASSED
================================================================================
T/V         SWP           N    NB     P     Q            Time             Gflops
--------------------------------------------------------------------------------
WRC12L2L4o 002        10000   128     8    16            4.50         1.4831e+02
HPL_pdgesv() start time Fri Oct 10 12:39:32 2025
HPL_pdgesv() end time   Fri Oct 10 12:39:36 2025
--------------------------------------------------------------------------------
||Ax-b||_oo/(eps*(||A||_oo*||x||_oo+||b||_oo)*N)=   3.36825074e-03 ...... PASSED
================================================================================
T/V         SWP           N    NB     P     Q            Time             Gflops
--------------------------------------------------------------------------------
WRC12L2C2o 002        10000   128     8    16            4.53         1.4718e+02
HPL_pdgesv() start time Fri Oct 10 12:39:36 2025
HPL_pdgesv() end time   Fri Oct 10 12:39:41 2025
--------------------------------------------------------------------------------
||Ax-b||_oo/(eps*(||A||_oo*||x||_oo+||b||_oo)*N)=   3.72988033e-03 ...... PASSED
================================================================================
T/V         SWP           N    NB     P     Q            Time             Gflops
--------------------------------------------------------------------------------
WRC12L2C4o 002        10000   128     8    16            4.46         1.4961e+02
HPL_pdgesv() start time Fri Oct 10 12:39:41 2025
HPL_pdgesv() end time   Fri Oct 10 12:39:45 2025
--------------------------------------------------------------------------------
||Ax-b||_oo/(eps*(||A||_oo*||x||_oo+||b||_oo)*N)=   3.46386177e-03 ...... PASSED
================================================================================
T/V         SWP           N    NB     P     Q            Time             Gflops
--------------------------------------------------------------------------------
WRC12L2R2o 002        10000   128     8    16            4.56         1.4625e+02
HPL_pdgesv() start time Fri Oct 10 12:39:45 2025
HPL_pdgesv() end time   Fri Oct 10 12:39:50 2025
--------------------------------------------------------------------------------
||Ax-b||_oo/(eps*(||A||_oo*||x||_oo+||b||_oo)*N)=   3.72988033e-03 ...... PASSED
================================================================================
T/V         SWP           N    NB     P     Q            Time             Gflops
--------------------------------------------------------------------------------
WRC12L2R4o 002        10000   128     8    16            4.35         1.5314e+02
HPL_pdgesv() start time Fri Oct 10 12:39:50 2025
HPL_pdgesv() end time   Fri Oct 10 12:39:54 2025
--------------------------------------------------------------------------------
||Ax-b||_oo/(eps*(||A||_oo*||x||_oo+||b||_oo)*N)=   3.46386177e-03 ...... PASSED
================================================================================
T/V         SWP           N    NB     P     Q            Time             Gflops
--------------------------------------------------------------------------------
WRC12C2L2o 002        10000   128     8    16            4.56         1.4634e+02
HPL_pdgesv() start time Fri Oct 10 12:39:54 2025
HPL_pdgesv() end time   Fri Oct 10 12:39:59 2025
--------------------------------------------------------------------------------
||Ax-b||_oo/(eps*(||A||_oo*||x||_oo+||b||_oo)*N)=   3.72988033e-03 ...... PASSED
================================================================================
T/V         SWP           N    NB     P     Q            Time             Gflops
--------------------------------------------------------------------------------
WRC12C2L4o 002        10000   128     8    16            4.59         1.4540e+02
HPL_pdgesv() start time Fri Oct 10 12:39:59 2025
HPL_pdgesv() end time   Fri Oct 10 12:40:03 2025
--------------------------------------------------------------------------------
||Ax-b||_oo/(eps*(||A||_oo*||x||_oo+||b||_oo)*N)=   3.36825074e-03 ...... PASSED
================================================================================
T/V         SWP           N    NB     P     Q            Time             Gflops
--------------------------------------------------------------------------------
WRC12C2C2o 002        10000   128     8    16            4.47         1.4912e+02
HPL_pdgesv() start time Fri Oct 10 12:40:03 2025
HPL_pdgesv() end time   Fri Oct 10 12:40:08 2025
--------------------------------------------------------------------------------
||Ax-b||_oo/(eps*(||A||_oo*||x||_oo+||b||_oo)*N)=   3.72988033e-03 ...... PASSED
================================================================================
T/V         SWP           N    NB     P     Q            Time             Gflops
--------------------------------------------------------------------------------
WRC12C2C4o 002        10000   128     8    16            4.51         1.4779e+02
HPL_pdgesv() start time Fri Oct 10 12:40:08 2025
HPL_pdgesv() end time   Fri Oct 10 12:40:12 2025
--------------------------------------------------------------------------------
||Ax-b||_oo/(eps*(||A||_oo*||x||_oo+||b||_oo)*N)=   3.46386177e-03 ...... PASSED
================================================================================
T/V         SWP           N    NB     P     Q            Time             Gflops
--------------------------------------------------------------------------------
WRC12C2R2o 002        10000   128     8    16            4.62         1.4423e+02
HPL_pdgesv() start time Fri Oct 10 12:40:12 2025
HPL_pdgesv() end time   Fri Oct 10 12:40:17 2025
--------------------------------------------------------------------------------
||Ax-b||_oo/(eps*(||A||_oo*||x||_oo+||b||_oo)*N)=   3.72988033e-03 ...... PASSED
================================================================================
T/V         SWP           N    NB     P     Q            Time             Gflops
--------------------------------------------------------------------------------
WRC12C2R4o 002        10000   128     8    16            4.42         1.5081e+02
HPL_pdgesv() start time Fri Oct 10 12:40:17 2025
HPL_pdgesv() end time   Fri Oct 10 12:40:21 2025
--------------------------------------------------------------------------------
||Ax-b||_oo/(eps*(||A||_oo*||x||_oo+||b||_oo)*N)=   3.46386177e-03 ...... PASSED
================================================================================
T/V         SWP           N    NB     P     Q            Time             Gflops
--------------------------------------------------------------------------------
WRC12R2L2o 002        10000   128     8    16            4.43         1.5066e+02
HPL_pdgesv() start time Fri Oct 10 12:40:22 2025
HPL_pdgesv() end time   Fri Oct 10 12:40:26 2025
--------------------------------------------------------------------------------
||Ax-b||_oo/(eps*(||A||_oo*||x||_oo+||b||_oo)*N)=   3.72988033e-03 ...... PASSED
================================================================================
T/V         SWP           N    NB     P     Q            Time             Gflops
--------------------------------------------------------------------------------
WRC12R2L4o 002        10000   128     8    16            4.30         1.5499e+02
HPL_pdgesv() start time Fri Oct 10 12:40:26 2025
HPL_pdgesv() end time   Fri Oct 10 12:40:30 2025
--------------------------------------------------------------------------------
||Ax-b||_oo/(eps*(||A||_oo*||x||_oo+||b||_oo)*N)=   3.36825074e-03 ...... PASSED
================================================================================
T/V         SWP           N    NB     P     Q            Time             Gflops
--------------------------------------------------------------------------------
WRC12R2C2o 002        10000   128     8    16            4.38         1.5226e+02
HPL_pdgesv() start time Fri Oct 10 12:40:30 2025
HPL_pdgesv() end time   Fri Oct 10 12:40:35 2025
--------------------------------------------------------------------------------
||Ax-b||_oo/(eps*(||A||_oo*||x||_oo+||b||_oo)*N)=   3.72988033e-03 ...... PASSED
================================================================================
T/V         SWP           N    NB     P     Q            Time             Gflops
--------------------------------------------------------------------------------
WRC12R2C4o 002        10000   128     8    16            4.59         1.4529e+02
HPL_pdgesv() start time Fri Oct 10 12:40:35 2025
HPL_pdgesv() end time   Fri Oct 10 12:40:39 2025
--------------------------------------------------------------------------------
||Ax-b||_oo/(eps*(||A||_oo*||x||_oo+||b||_oo)*N)=   3.46386177e-03 ...... PASSED
================================================================================
T/V         SWP           N    NB     P     Q            Time             Gflops
--------------------------------------------------------------------------------
WRC12R2R2o 002        10000   128     8    16            4.68         1.4248e+02
HPL_pdgesv() start time Fri Oct 10 12:40:39 2025
HPL_pdgesv() end time   Fri Oct 10 12:40:44 2025
--------------------------------------------------------------------------------
||Ax-b||_oo/(eps*(||A||_oo*||x||_oo+||b||_oo)*N)=   3.72988033e-03 ...... PASSED
================================================================================
T/V         SWP           N    NB     P     Q            Time             Gflops
--------------------------------------------------------------------------------
WRC12R2R4o 002        10000   128     8    16            4.50         1.4805e+02
HPL_pdgesv() start time Fri Oct 10 12:40:44 2025
HPL_pdgesv() end time   Fri Oct 10 12:40:49 2025
--------------------------------------------------------------------------------
||Ax-b||_oo/(eps*(||A||_oo*||x||_oo+||b||_oo)*N)=   3.46386177e-03 ...... PASSED
================================================================================

Finished     18 tests with the following results:
             18 tests completed and passed residual checks,
              0 tests completed and failed residual checks,
              0 tests skipped because of illegal input values.
--------------------------------------------------------------------------------

End of Tests.
================================================================================
