================================================================================
HPLinpack 2.3  --  High-Performance Linpack benchmark  --   December 2, 2018
Written by A. Petitet and R. Clint Whaley,  Innovative Computing Laboratory, UTK
Modified by Piotr Luszczek, Innovative Computing Laboratory, UTK
Modified by Julien Langou, University of Colorado Denver
================================================================================

An explanation of the input/output parameters follows:
T/V    : Wall time / encoded variant.
N      : The order of the coefficient matrix A.
NB     : The partitioning blocking factor.
P      : The number of process rows.
Q      : The number of process columns.
Time   : Time in seconds to solve the linear system.
Gflops : Rate of execution for solving the linear system.

The following parameter values will be used:

N      :  333568 
NB     :     256 
PMAP   : Row-major process mapping
P      :       8 
Q      :      32 
PFACT  :    Left 
NBMIN  :       2 
NDIV   :       2 
RFACT  :    Left 
BCAST  :   2ring 
DEPTH  :       1 
SWAP   : Mix (threshold = 64)
L1     : transposed form
U      : transposed form
EQUIL  : yes
ALIGN  : 8 double precision words

--------------------------------------------------------------------------------

- The matrix A is randomly generated for each test.
- The following scaled residual check will be computed:
      ||Ax-b||_oo / ( eps * ( || x ||_oo * || A ||_oo + || b ||_oo ) * N )
- The relative machine precision (eps) is taken to be               1.110223e-16
- Computational tests pass if scaled residuals are less than                16.0

Column=000000256 Fraction= 0.1% Gflops=2.168e+05
Column=000000512 Fraction= 0.2% Gflops=1.417e+04
Column=000000768 Fraction= 0.2% Gflops=1.096e+04
Column=000001024 Fraction= 0.3% Gflops=9.558e+03
Column=000001280 Fraction= 0.4% Gflops=8.931e+03
Column=000001536 Fraction= 0.5% Gflops=8.489e+03
Column=000001792 Fraction= 0.5% Gflops=8.148e+03
Column=000002048 Fraction= 0.6% Gflops=7.856e+03
Column=000002304 Fraction= 0.7% Gflops=7.522e+03
Column=000002560 Fraction= 0.8% Gflops=7.384e+03
Column=000002816 Fraction= 0.8% Gflops=7.346e+03
Column=000003072 Fraction= 0.9% Gflops=7.322e+03
Column=000003328 Fraction= 1.0% Gflops=7.323e+03
Column=000003584 Fraction= 1.1% Gflops=7.312e+03
Column=000003840 Fraction= 1.2% Gflops=7.299e+03
Column=000004096 Fraction= 1.2% Gflops=7.194e+03
Column=000004352 Fraction= 1.3% Gflops=7.195e+03
Column=000004608 Fraction= 1.4% Gflops=7.155e+03
Column=000004864 Fraction= 1.5% Gflops=7.114e+03
Column=000005120 Fraction= 1.5% Gflops=7.042e+03
Column=000005376 Fraction= 1.6% Gflops=7.015e+03
Column=000005632 Fraction= 1.7% Gflops=6.989e+03
Column=000005888 Fraction= 1.8% Gflops=6.986e+03
Column=000006144 Fraction= 1.8% Gflops=6.870e+03
Column=000006400 Fraction= 1.9% Gflops=6.833e+03
Column=000006656 Fraction= 2.0% Gflops=6.839e+03
Column=000006912 Fraction= 2.1% Gflops=6.826e+03
Column=000007168 Fraction= 2.1% Gflops=6.842e+03
Column=000007424 Fraction= 2.2% Gflops=6.832e+03
Column=000007680 Fraction= 2.3% Gflops=6.838e+03
Column=000007936 Fraction= 2.4% Gflops=6.827e+03
Column=000008192 Fraction= 2.5% Gflops=6.828e+03
Column=000008448 Fraction= 2.5% Gflops=6.804e+03
Column=000008704 Fraction= 2.6% Gflops=6.818e+03
Column=000008960 Fraction= 2.7% Gflops=6.818e+03
Column=000009216 Fraction= 2.8% Gflops=6.829e+03
Column=000009472 Fraction= 2.8% Gflops=6.824e+03
Column=000009728 Fraction= 2.9% Gflops=6.818e+03
Column=000009984 Fraction= 3.0% Gflops=6.826e+03
Column=000010240 Fraction= 3.1% Gflops=6.834e+03
Column=000010496 Fraction= 3.1% Gflops=6.828e+03
Column=000010752 Fraction= 3.2% Gflops=6.775e+03
Column=000011008 Fraction= 3.3% Gflops=6.703e+03
Column=000011264 Fraction= 3.4% Gflops=6.678e+03
Column=000011520 Fraction= 3.5% Gflops=6.682e+03
Column=000011776 Fraction= 3.5% Gflops=6.690e+03
Column=000012032 Fraction= 3.6% Gflops=6.696e+03
Column=000012288 Fraction= 3.7% Gflops=6.703e+03
Column=000012544 Fraction= 3.8% Gflops=6.716e+03
Column=000012800 Fraction= 3.8% Gflops=6.720e+03
Column=000013056 Fraction= 3.9% Gflops=6.714e+03
Column=000013312 Fraction= 4.0% Gflops=6.711e+03
Column=000013568 Fraction= 4.1% Gflops=6.714e+03
Column=000013824 Fraction= 4.1% Gflops=6.714e+03
Column=000014080 Fraction= 4.2% Gflops=6.711e+03
Column=000014336 Fraction= 4.3% Gflops=6.719e+03
Column=000014592 Fraction= 4.4% Gflops=6.725e+03
Column=000014848 Fraction= 4.5% Gflops=6.725e+03
Column=000015104 Fraction= 4.5% Gflops=6.731e+03
Column=000015360 Fraction= 4.6% Gflops=6.734e+03
Column=000015616 Fraction= 4.7% Gflops=6.749e+03
Column=000015872 Fraction= 4.8% Gflops=6.682e+03
Column=000016128 Fraction= 4.8% Gflops=6.678e+03
Column=000016384 Fraction= 4.9% Gflops=6.661e+03
Column=000016640 Fraction= 5.0% Gflops=6.663e+03
Column=000016896 Fraction= 5.1% Gflops=6.675e+03
Column=000017152 Fraction= 5.1% Gflops=6.685e+03
Column=000017408 Fraction= 5.2% Gflops=6.684e+03
Column=000017664 Fraction= 5.3% Gflops=6.675e+03
Column=000017920 Fraction= 5.4% Gflops=6.670e+03
Column=000018176 Fraction= 5.4% Gflops=6.667e+03
Column=000018432 Fraction= 5.5% Gflops=6.660e+03
Column=000018688 Fraction= 5.6% Gflops=6.655e+03
Column=000018944 Fraction= 5.7% Gflops=6.655e+03
Column=000019200 Fraction= 5.8% Gflops=6.644e+03
Column=000019456 Fraction= 5.8% Gflops=6.644e+03
Column=000019712 Fraction= 5.9% Gflops=6.639e+03
Column=000019968 Fraction= 6.0% Gflops=6.645e+03
Column=000020224 Fraction= 6.1% Gflops=6.652e+03
Column=000020480 Fraction= 6.1% Gflops=6.656e+03
Column=000020736 Fraction= 6.2% Gflops=6.656e+03
Column=000020992 Fraction= 6.3% Gflops=6.664e+03
Column=000021248 Fraction= 6.4% Gflops=6.665e+03
Column=000021504 Fraction= 6.4% Gflops=6.670e+03
Column=000021760 Fraction= 6.5% Gflops=6.672e+03
Column=000022016 Fraction= 6.6% Gflops=6.667e+03
Column=000022272 Fraction= 6.7% Gflops=6.666e+03
Column=000022528 Fraction= 6.8% Gflops=6.663e+03
Column=000022784 Fraction= 6.8% Gflops=6.668e+03
Column=000023040 Fraction= 6.9% Gflops=6.643e+03
Column=000023296 Fraction= 7.0% Gflops=6.646e+03
Column=000023552 Fraction= 7.1% Gflops=6.639e+03
Column=000023808 Fraction= 7.1% Gflops=6.635e+03
Column=000024064 Fraction= 7.2% Gflops=6.639e+03
Column=000024320 Fraction= 7.3% Gflops=6.638e+03
Column=000024576 Fraction= 7.4% Gflops=6.640e+03
Column=000024832 Fraction= 7.4% Gflops=6.639e+03
Column=000025088 Fraction= 7.5% Gflops=6.646e+03
Column=000025344 Fraction= 7.6% Gflops=6.649e+03
Column=000025600 Fraction= 7.7% Gflops=6.655e+03
Column=000025856 Fraction= 7.8% Gflops=6.656e+03
Column=000026112 Fraction= 7.8% Gflops=6.659e+03
Column=000026368 Fraction= 7.9% Gflops=6.658e+03
Column=000026624 Fraction= 8.0% Gflops=6.657e+03
Column=000026880 Fraction= 8.1% Gflops=6.655e+03
Column=000027136 Fraction= 8.1% Gflops=6.654e+03
Column=000027392 Fraction= 8.2% Gflops=6.645e+03
Column=000027648 Fraction= 8.3% Gflops=6.652e+03
Column=000027904 Fraction= 8.4% Gflops=6.653e+03
Column=000028160 Fraction= 8.4% Gflops=6.647e+03
Column=000028416 Fraction= 8.5% Gflops=6.652e+03
Column=000028672 Fraction= 8.6% Gflops=6.652e+03
Column=000028928 Fraction= 8.7% Gflops=6.656e+03
Column=000029184 Fraction= 8.7% Gflops=6.656e+03
Column=000029440 Fraction= 8.8% Gflops=6.657e+03
Column=000029696 Fraction= 8.9% Gflops=6.661e+03
Column=000029952 Fraction= 9.0% Gflops=6.666e+03
Column=000030208 Fraction= 9.1% Gflops=6.670e+03
Column=000030464 Fraction= 9.1% Gflops=6.675e+03
Column=000030720 Fraction= 9.2% Gflops=6.678e+03
Column=000030976 Fraction= 9.3% Gflops=6.682e+03
Column=000031232 Fraction= 9.4% Gflops=6.688e+03
Column=000031488 Fraction= 9.4% Gflops=6.693e+03
Column=000031744 Fraction= 9.5% Gflops=6.698e+03
Column=000032000 Fraction= 9.6% Gflops=6.700e+03
Column=000032256 Fraction= 9.7% Gflops=6.702e+03
Column=000032512 Fraction= 9.7% Gflops=6.701e+03
Column=000032768 Fraction= 9.8% Gflops=6.706e+03
Column=000033024 Fraction= 9.9% Gflops=6.679e+03
Column=000033280 Fraction=10.0% Gflops=6.683e+03
Column=000033536 Fraction=10.1% Gflops=6.683e+03
Column=000033792 Fraction=10.1% Gflops=6.680e+03
Column=000034048 Fraction=10.2% Gflops=6.672e+03
Column=000034304 Fraction=10.3% Gflops=6.658e+03
Column=000034560 Fraction=10.4% Gflops=6.653e+03
Column=000034816 Fraction=10.4% Gflops=6.653e+03
Column=000035072 Fraction=10.5% Gflops=6.655e+03
Column=000035328 Fraction=10.6% Gflops=6.653e+03
Column=000035584 Fraction=10.7% Gflops=6.653e+03
Column=000035840 Fraction=10.7% Gflops=6.656e+03
Column=000036096 Fraction=10.8% Gflops=6.657e+03
Column=000036352 Fraction=10.9% Gflops=6.659e+03
Column=000036608 Fraction=11.0% Gflops=6.662e+03
Column=000036864 Fraction=11.1% Gflops=6.661e+03
Column=000037120 Fraction=11.1% Gflops=6.660e+03
Column=000037376 Fraction=11.2% Gflops=6.653e+03
Column=000037632 Fraction=11.3% Gflops=6.653e+03
Column=000037888 Fraction=11.4% Gflops=6.653e+03
Column=000038144 Fraction=11.4% Gflops=6.654e+03
Column=000038400 Fraction=11.5% Gflops=6.656e+03
Column=000038656 Fraction=11.6% Gflops=6.656e+03
Column=000038912 Fraction=11.7% Gflops=6.655e+03
Column=000039168 Fraction=11.7% Gflops=6.657e+03
Column=000039424 Fraction=11.8% Gflops=6.659e+03
Column=000039680 Fraction=11.9% Gflops=6.660e+03
Column=000039936 Fraction=12.0% Gflops=6.662e+03
Column=000040192 Fraction=12.0% Gflops=6.663e+03
Column=000040448 Fraction=12.1% Gflops=6.663e+03
Column=000040704 Fraction=12.2% Gflops=6.663e+03
Column=000040960 Fraction=12.3% Gflops=6.666e+03
Column=000041216 Fraction=12.4% Gflops=6.654e+03
Column=000041472 Fraction=12.4% Gflops=6.659e+03
Column=000041728 Fraction=12.5% Gflops=6.659e+03
Column=000041984 Fraction=12.6% Gflops=6.660e+03
Column=000042240 Fraction=12.7% Gflops=6.657e+03
Column=000042496 Fraction=12.7% Gflops=6.654e+03
Column=000042752 Fraction=12.8% Gflops=6.651e+03
Column=000043008 Fraction=12.9% Gflops=6.647e+03
Column=000043264 Fraction=13.0% Gflops=6.647e+03
Column=000043520 Fraction=13.0% Gflops=6.647e+03
Column=000043776 Fraction=13.1% Gflops=6.650e+03
Column=000044032 Fraction=13.2% Gflops=6.651e+03
Column=000044288 Fraction=13.3% Gflops=6.655e+03
Column=000044544 Fraction=13.4% Gflops=6.658e+03
Column=000044800 Fraction=13.4% Gflops=6.660e+03
Column=000045056 Fraction=13.5% Gflops=6.664e+03
Column=000045312 Fraction=13.6% Gflops=6.663e+03
Column=000045568 Fraction=13.7% Gflops=6.653e+03
Column=000045824 Fraction=13.7% Gflops=6.651e+03
Column=000046080 Fraction=13.8% Gflops=6.651e+03
Column=000046336 Fraction=13.9% Gflops=6.652e+03
Column=000046592 Fraction=14.0% Gflops=6.653e+03
Column=000046848 Fraction=14.0% Gflops=6.655e+03
Column=000047104 Fraction=14.1% Gflops=6.658e+03
Column=000047360 Fraction=14.2% Gflops=6.662e+03
Column=000047616 Fraction=14.3% Gflops=6.640e+03
Column=000047872 Fraction=14.4% Gflops=6.641e+03
Column=000048128 Fraction=14.4% Gflops=6.641e+03
Column=000048384 Fraction=14.5% Gflops=6.643e+03
Column=000048640 Fraction=14.6% Gflops=6.637e+03
Column=000048896 Fraction=14.7% Gflops=6.635e+03
Column=000049152 Fraction=14.7% Gflops=6.636e+03
Column=000049408 Fraction=14.8% Gflops=6.634e+03
Column=000049664 Fraction=14.9% Gflops=6.636e+03
Column=000049920 Fraction=15.0% Gflops=6.636e+03
Column=000050176 Fraction=15.0% Gflops=6.638e+03
Column=000050432 Fraction=15.1% Gflops=6.638e+03
Column=000050688 Fraction=15.2% Gflops=6.640e+03
Column=000050944 Fraction=15.3% Gflops=6.641e+03
Column=000051200 Fraction=15.3% Gflops=6.644e+03
Column=000051456 Fraction=15.4% Gflops=6.645e+03
Column=000051712 Fraction=15.5% Gflops=6.650e+03
Column=000051968 Fraction=15.6% Gflops=6.653e+03
Column=000052224 Fraction=15.7% Gflops=6.654e+03
Column=000052480 Fraction=15.7% Gflops=6.656e+03
Column=000052736 Fraction=15.8% Gflops=6.653e+03
Column=000052992 Fraction=15.9% Gflops=6.653e+03
Column=000053248 Fraction=16.0% Gflops=6.653e+03
Column=000053504 Fraction=16.0% Gflops=6.654e+03
Column=000053760 Fraction=16.1% Gflops=6.653e+03
Column=000054016 Fraction=16.2% Gflops=6.653e+03
Column=000054272 Fraction=16.3% Gflops=6.654e+03
Column=000054528 Fraction=16.3% Gflops=6.655e+03
Column=000054784 Fraction=16.4% Gflops=6.656e+03
Column=000055040 Fraction=16.5% Gflops=6.658e+03
Column=000055296 Fraction=16.6% Gflops=6.656e+03
Column=000055552 Fraction=16.7% Gflops=6.660e+03
Column=000055808 Fraction=16.7% Gflops=6.660e+03
Column=000056064 Fraction=16.8% Gflops=6.662e+03
Column=000056320 Fraction=16.9% Gflops=6.664e+03
Column=000056576 Fraction=17.0% Gflops=6.664e+03
Column=000056832 Fraction=17.0% Gflops=6.663e+03
Column=000057088 Fraction=17.1% Gflops=6.665e+03
Column=000057344 Fraction=17.2% Gflops=6.667e+03
Column=000057600 Fraction=17.3% Gflops=6.655e+03
Column=000057856 Fraction=17.3% Gflops=6.659e+03
Column=000058112 Fraction=17.4% Gflops=6.661e+03
Column=000058368 Fraction=17.5% Gflops=6.665e+03
Column=000058624 Fraction=17.6% Gflops=6.666e+03
Column=000058880 Fraction=17.7% Gflops=6.667e+03
Column=000059136 Fraction=17.7% Gflops=6.667e+03
Column=000059392 Fraction=17.8% Gflops=6.666e+03
Column=000059648 Fraction=17.9% Gflops=6.660e+03
Column=000059904 Fraction=18.0% Gflops=6.659e+03
Column=000060160 Fraction=18.0% Gflops=6.659e+03
Column=000060416 Fraction=18.1% Gflops=6.659e+03
Column=000060672 Fraction=18.2% Gflops=6.656e+03
Column=000060928 Fraction=18.3% Gflops=6.657e+03
Column=000061184 Fraction=18.3% Gflops=6.659e+03
Column=000061440 Fraction=18.4% Gflops=6.661e+03
Column=000061696 Fraction=18.5% Gflops=6.661e+03
Column=000061952 Fraction=18.6% Gflops=6.664e+03
Column=000062208 Fraction=18.6% Gflops=6.661e+03
Column=000062464 Fraction=18.7% Gflops=6.659e+03
Column=000062720 Fraction=18.8% Gflops=6.658e+03
Column=000062976 Fraction=18.9% Gflops=6.658e+03
Column=000063232 Fraction=19.0% Gflops=6.661e+03
Column=000063488 Fraction=19.0% Gflops=6.664e+03
Column=000063744 Fraction=19.1% Gflops=6.666e+03
Column=000064000 Fraction=19.2% Gflops=6.667e+03
Column=000064256 Fraction=19.3% Gflops=6.667e+03
Column=000064512 Fraction=19.3% Gflops=6.669e+03
Column=000064768 Fraction=19.4% Gflops=6.665e+03
Column=000065024 Fraction=19.5% Gflops=6.668e+03
Column=000065280 Fraction=19.6% Gflops=6.662e+03
Column=000065536 Fraction=19.6% Gflops=6.663e+03
Column=000065792 Fraction=19.7% Gflops=6.653e+03
Column=000066048 Fraction=19.8% Gflops=6.650e+03
Column=000066304 Fraction=19.9% Gflops=6.650e+03
Column=000066560 Fraction=20.0% Gflops=6.648e+03
Column=000066816 Fraction=20.0% Gflops=6.648e+03
Column=000067072 Fraction=20.1% Gflops=6.647e+03
Column=000067328 Fraction=20.2% Gflops=6.645e+03
Column=000067584 Fraction=20.3% Gflops=6.644e+03
Column=000067840 Fraction=20.3% Gflops=6.642e+03
Column=000068096 Fraction=20.4% Gflops=6.642e+03
Column=000068352 Fraction=20.5% Gflops=6.641e+03
Column=000068608 Fraction=20.6% Gflops=6.639e+03
Column=000068864 Fraction=20.6% Gflops=6.637e+03
Column=000069120 Fraction=20.7% Gflops=6.634e+03
Column=000069376 Fraction=20.8% Gflops=6.634e+03
Column=000069632 Fraction=20.9% Gflops=6.633e+03
Column=000069888 Fraction=21.0% Gflops=6.633e+03
Column=000070144 Fraction=21.0% Gflops=6.633e+03
Column=000070400 Fraction=21.1% Gflops=6.631e+03
Column=000070656 Fraction=21.2% Gflops=6.629e+03
Column=000070912 Fraction=21.3% Gflops=6.628e+03
Column=000071168 Fraction=21.3% Gflops=6.626e+03
Column=000071424 Fraction=21.4% Gflops=6.623e+03
Column=000071680 Fraction=21.5% Gflops=6.621e+03
Column=000071936 Fraction=21.6% Gflops=6.618e+03
Column=000072192 Fraction=21.6% Gflops=6.616e+03
Column=000072448 Fraction=21.7% Gflops=6.617e+03
Column=000072704 Fraction=21.8% Gflops=6.615e+03
Column=000072960 Fraction=21.9% Gflops=6.614e+03
Column=000073216 Fraction=21.9% Gflops=6.614e+03
Column=000073472 Fraction=22.0% Gflops=6.613e+03
Column=000073728 Fraction=22.1% Gflops=6.613e+03
Column=000073984 Fraction=22.2% Gflops=6.604e+03
Column=000074240 Fraction=22.3% Gflops=6.607e+03
Column=000074496 Fraction=22.3% Gflops=6.609e+03
Column=000074752 Fraction=22.4% Gflops=6.608e+03
Column=000075008 Fraction=22.5% Gflops=6.600e+03
Column=000075264 Fraction=22.6% Gflops=6.597e+03
Column=000075520 Fraction=22.6% Gflops=6.599e+03
Column=000075776 Fraction=22.7% Gflops=6.575e+03
Column=000076032 Fraction=22.8% Gflops=6.526e+03
Column=000076288 Fraction=22.9% Gflops=6.526e+03
Column=000076544 Fraction=22.9% Gflops=6.528e+03
Column=000076800 Fraction=23.0% Gflops=6.530e+03
Column=000077056 Fraction=23.1% Gflops=6.526e+03
Column=000077312 Fraction=23.2% Gflops=6.523e+03
Column=000077568 Fraction=23.3% Gflops=6.519e+03
Column=000077824 Fraction=23.3% Gflops=6.519e+03
Column=000078080 Fraction=23.4% Gflops=6.518e+03
Column=000078336 Fraction=23.5% Gflops=6.471e+03
Column=000078592 Fraction=23.6% Gflops=6.469e+03
Column=000078848 Fraction=23.6% Gflops=6.470e+03
Column=000079104 Fraction=23.7% Gflops=6.470e+03
Column=000079360 Fraction=23.8% Gflops=6.469e+03
Column=000079616 Fraction=23.9% Gflops=6.469e+03
Column=000079872 Fraction=23.9% Gflops=6.469e+03
Column=000080128 Fraction=24.0% Gflops=6.470e+03
Column=000080384 Fraction=24.1% Gflops=6.471e+03
Column=000080640 Fraction=24.2% Gflops=6.471e+03
Column=000080896 Fraction=24.3% Gflops=6.471e+03
Column=000081152 Fraction=24.3% Gflops=6.471e+03
Column=000081408 Fraction=24.4% Gflops=6.471e+03
Column=000081664 Fraction=24.5% Gflops=6.472e+03
Column=000081920 Fraction=24.6% Gflops=6.473e+03
Column=000082176 Fraction=24.6% Gflops=6.473e+03
Column=000082432 Fraction=24.7% Gflops=6.473e+03
Column=000082688 Fraction=24.8% Gflops=6.472e+03
Column=000082944 Fraction=24.9% Gflops=6.473e+03
Column=000083200 Fraction=24.9% Gflops=6.475e+03
Column=000083456 Fraction=25.0% Gflops=6.476e+03
Column=000083712 Fraction=25.1% Gflops=6.476e+03
Column=000083968 Fraction=25.2% Gflops=6.475e+03
Column=000084224 Fraction=25.2% Gflops=6.475e+03
Column=000084480 Fraction=25.3% Gflops=6.475e+03
Column=000084736 Fraction=25.4% Gflops=6.477e+03
Column=000084992 Fraction=25.5% Gflops=6.476e+03
Column=000085248 Fraction=25.6% Gflops=6.477e+03
Column=000085504 Fraction=25.6% Gflops=6.476e+03
Column=000085760 Fraction=25.7% Gflops=6.475e+03
Column=000086016 Fraction=25.8% Gflops=6.477e+03
Column=000086272 Fraction=25.9% Gflops=6.477e+03
Column=000086528 Fraction=25.9% Gflops=6.477e+03
Column=000086784 Fraction=26.0% Gflops=6.475e+03
Column=000087040 Fraction=26.1% Gflops=6.475e+03
Column=000087296 Fraction=26.2% Gflops=6.476e+03
Column=000087552 Fraction=26.2% Gflops=6.477e+03
Column=000087808 Fraction=26.3% Gflops=6.478e+03
Column=000088064 Fraction=26.4% Gflops=6.479e+03
Column=000088320 Fraction=26.5% Gflops=6.481e+03
Column=000088576 Fraction=26.6% Gflops=6.482e+03
Column=000088832 Fraction=26.6% Gflops=6.484e+03
Column=000089088 Fraction=26.7% Gflops=6.485e+03
Column=000089344 Fraction=26.8% Gflops=6.476e+03
Column=000089600 Fraction=26.9% Gflops=6.478e+03
Column=000089856 Fraction=26.9% Gflops=6.481e+03
Column=000090112 Fraction=27.0% Gflops=6.477e+03
Column=000090368 Fraction=27.1% Gflops=6.476e+03
Column=000090624 Fraction=27.2% Gflops=6.478e+03
Column=000090880 Fraction=27.2% Gflops=6.478e+03
Column=000091136 Fraction=27.3% Gflops=6.479e+03
Column=000091392 Fraction=27.4% Gflops=6.480e+03
Column=000091648 Fraction=27.5% Gflops=6.480e+03
Column=000091904 Fraction=27.6% Gflops=6.480e+03
Column=000092160 Fraction=27.6% Gflops=6.481e+03
Column=000092416 Fraction=27.7% Gflops=6.480e+03
Column=000092672 Fraction=27.8% Gflops=6.479e+03
Column=000092928 Fraction=27.9% Gflops=6.482e+03
Column=000093184 Fraction=27.9% Gflops=6.482e+03
Column=000093440 Fraction=28.0% Gflops=6.483e+03
Column=000093696 Fraction=28.1% Gflops=6.484e+03
Column=000093952 Fraction=28.2% Gflops=6.486e+03
Column=000094208 Fraction=28.2% Gflops=6.483e+03
Column=000094464 Fraction=28.3% Gflops=6.481e+03
Column=000094720 Fraction=28.4% Gflops=6.478e+03
Column=000094976 Fraction=28.5% Gflops=6.477e+03
Column=000095232 Fraction=28.5% Gflops=6.478e+03
Column=000095488 Fraction=28.6% Gflops=6.478e+03
Column=000095744 Fraction=28.7% Gflops=6.478e+03
Column=000096000 Fraction=28.8% Gflops=6.478e+03
Column=000096256 Fraction=28.9% Gflops=6.479e+03
Column=000096512 Fraction=28.9% Gflops=6.481e+03
Column=000096768 Fraction=29.0% Gflops=6.482e+03
Column=000097024 Fraction=29.1% Gflops=6.483e+03
Column=000097280 Fraction=29.2% Gflops=6.485e+03
Column=000097536 Fraction=29.2% Gflops=6.482e+03
Column=000097792 Fraction=29.3% Gflops=6.484e+03
Column=000098048 Fraction=29.4% Gflops=6.486e+03
Column=000098304 Fraction=29.5% Gflops=6.480e+03
Column=000098560 Fraction=29.5% Gflops=6.478e+03
Column=000098816 Fraction=29.6% Gflops=6.480e+03
Column=000099072 Fraction=29.7% Gflops=6.480e+03
Column=000099328 Fraction=29.8% Gflops=6.482e+03
Column=000099584 Fraction=29.9% Gflops=6.479e+03
Column=000099840 Fraction=29.9% Gflops=6.479e+03
Column=000100096 Fraction=30.0% Gflops=6.478e+03
Column=000100352 Fraction=30.1% Gflops=6.478e+03
Column=000100608 Fraction=30.2% Gflops=6.477e+03
Column=000100864 Fraction=30.2% Gflops=6.477e+03
Column=000101120 Fraction=30.3% Gflops=6.478e+03
Column=000101376 Fraction=30.4% Gflops=6.478e+03
Column=000101632 Fraction=30.5% Gflops=6.479e+03
Column=000101888 Fraction=30.5% Gflops=6.479e+03
Column=000102144 Fraction=30.6% Gflops=6.481e+03
Column=000102400 Fraction=30.7% Gflops=6.482e+03
Column=000102656 Fraction=30.8% Gflops=6.482e+03
Column=000102912 Fraction=30.9% Gflops=6.479e+03
Column=000103168 Fraction=30.9% Gflops=6.478e+03
Column=000103424 Fraction=31.0% Gflops=6.478e+03
Column=000103680 Fraction=31.1% Gflops=6.478e+03
Column=000103936 Fraction=31.2% Gflops=6.478e+03
Column=000104192 Fraction=31.2% Gflops=6.479e+03
Column=000104448 Fraction=31.3% Gflops=6.479e+03
Column=000104704 Fraction=31.4% Gflops=6.479e+03
Column=000104960 Fraction=31.5% Gflops=6.480e+03
Column=000105216 Fraction=31.5% Gflops=6.480e+03
Column=000105472 Fraction=31.6% Gflops=6.481e+03
Column=000105728 Fraction=31.7% Gflops=6.475e+03
Column=000105984 Fraction=31.8% Gflops=6.476e+03
Column=000106240 Fraction=31.8% Gflops=6.478e+03
Column=000106496 Fraction=31.9% Gflops=6.478e+03
Column=000106752 Fraction=32.0% Gflops=6.477e+03
Column=000107008 Fraction=32.1% Gflops=6.478e+03
Column=000107264 Fraction=32.2% Gflops=6.479e+03
Column=000107520 Fraction=32.2% Gflops=6.480e+03
Column=000107776 Fraction=32.3% Gflops=6.478e+03
Column=000108032 Fraction=32.4% Gflops=6.478e+03
Column=000108288 Fraction=32.5% Gflops=6.477e+03
Column=000108544 Fraction=32.5% Gflops=6.476e+03
Column=000108800 Fraction=32.6% Gflops=6.475e+03
Column=000109056 Fraction=32.7% Gflops=6.476e+03
Column=000109312 Fraction=32.8% Gflops=6.477e+03
Column=000109568 Fraction=32.8% Gflops=6.477e+03
Column=000109824 Fraction=32.9% Gflops=6.477e+03
Column=000110080 Fraction=33.0% Gflops=6.478e+03
Column=000110336 Fraction=33.1% Gflops=6.478e+03
Column=000110592 Fraction=33.2% Gflops=6.479e+03
Column=000110848 Fraction=33.2% Gflops=6.478e+03
Column=000111104 Fraction=33.3% Gflops=6.475e+03
Column=000111360 Fraction=33.4% Gflops=6.475e+03
Column=000111616 Fraction=33.5% Gflops=6.474e+03
Column=000111872 Fraction=33.5% Gflops=6.474e+03
Column=000112128 Fraction=33.6% Gflops=6.474e+03
Column=000112384 Fraction=33.7% Gflops=6.475e+03
Column=000112640 Fraction=33.8% Gflops=6.476e+03
Column=000112896 Fraction=33.8% Gflops=6.476e+03
Column=000113152 Fraction=33.9% Gflops=6.477e+03
Column=000113408 Fraction=34.0% Gflops=6.478e+03
Column=000113664 Fraction=34.1% Gflops=6.478e+03
Column=000113920 Fraction=34.2% Gflops=6.477e+03
Column=000114176 Fraction=34.2% Gflops=6.478e+03
Column=000114432 Fraction=34.3% Gflops=6.478e+03
Column=000114688 Fraction=34.4% Gflops=6.480e+03
Column=000114944 Fraction=34.5% Gflops=6.472e+03
Column=000115200 Fraction=34.5% Gflops=6.474e+03
Column=000115456 Fraction=34.6% Gflops=6.475e+03
Column=000115712 Fraction=34.7% Gflops=6.474e+03
Column=000115968 Fraction=34.8% Gflops=6.475e+03
Column=000116224 Fraction=34.8% Gflops=6.476e+03
Column=000116480 Fraction=34.9% Gflops=6.476e+03
Column=000116736 Fraction=35.0% Gflops=6.476e+03
Column=000116992 Fraction=35.1% Gflops=6.476e+03
Column=000117248 Fraction=35.1% Gflops=6.476e+03
Column=000117504 Fraction=35.2% Gflops=6.476e+03
Column=000117760 Fraction=35.3% Gflops=6.476e+03
Column=000118016 Fraction=35.4% Gflops=6.476e+03
Column=000118272 Fraction=35.5% Gflops=6.475e+03
Column=000118528 Fraction=35.5% Gflops=6.476e+03
Column=000118784 Fraction=35.6% Gflops=6.477e+03
Column=000119040 Fraction=35.7% Gflops=6.478e+03
Column=000119296 Fraction=35.8% Gflops=6.476e+03
Column=000119552 Fraction=35.8% Gflops=6.476e+03
Column=000119808 Fraction=35.9% Gflops=6.476e+03
Column=000120064 Fraction=36.0% Gflops=6.476e+03
Column=000120320 Fraction=36.1% Gflops=6.476e+03
Column=000120576 Fraction=36.1% Gflops=6.477e+03
Column=000120832 Fraction=36.2% Gflops=6.477e+03
Column=000121088 Fraction=36.3% Gflops=6.478e+03
Column=000121344 Fraction=36.4% Gflops=6.479e+03
Column=000121600 Fraction=36.5% Gflops=6.479e+03
Column=000121856 Fraction=36.5% Gflops=6.481e+03
Column=000122112 Fraction=36.6% Gflops=6.478e+03
Column=000122368 Fraction=36.7% Gflops=6.479e+03
Column=000122624 Fraction=36.8% Gflops=6.478e+03
Column=000122880 Fraction=36.8% Gflops=6.477e+03
Column=000123136 Fraction=36.9% Gflops=6.478e+03
Column=000123392 Fraction=37.0% Gflops=6.479e+03
Column=000123648 Fraction=37.1% Gflops=6.479e+03
Column=000123904 Fraction=37.1% Gflops=6.478e+03
Column=000124160 Fraction=37.2% Gflops=6.477e+03
Column=000124416 Fraction=37.3% Gflops=6.477e+03
Column=000124672 Fraction=37.4% Gflops=6.474e+03
Column=000124928 Fraction=37.5% Gflops=6.473e+03
Column=000125184 Fraction=37.5% Gflops=6.473e+03
Column=000125440 Fraction=37.6% Gflops=6.473e+03
Column=000125696 Fraction=37.7% Gflops=6.474e+03
Column=000125952 Fraction=37.8% Gflops=6.474e+03
Column=000126208 Fraction=37.8% Gflops=6.474e+03
Column=000126464 Fraction=37.9% Gflops=6.473e+03
Column=000126720 Fraction=38.0% Gflops=6.472e+03
Column=000126976 Fraction=38.1% Gflops=6.472e+03
Column=000127232 Fraction=38.1% Gflops=6.473e+03
Column=000127488 Fraction=38.2% Gflops=6.474e+03
Column=000127744 Fraction=38.3% Gflops=6.474e+03
Column=000128000 Fraction=38.4% Gflops=6.475e+03
Column=000128256 Fraction=38.4% Gflops=6.475e+03
Column=000128512 Fraction=38.5% Gflops=6.476e+03
Column=000128768 Fraction=38.6% Gflops=6.476e+03
Column=000129024 Fraction=38.7% Gflops=6.476e+03
Column=000129280 Fraction=38.8% Gflops=6.477e+03
Column=000129536 Fraction=38.8% Gflops=6.477e+03
Column=000129792 Fraction=38.9% Gflops=6.471e+03
Column=000130048 Fraction=39.0% Gflops=6.471e+03
Column=000130304 Fraction=39.1% Gflops=6.471e+03
Column=000130560 Fraction=39.1% Gflops=6.470e+03
Column=000130816 Fraction=39.2% Gflops=6.470e+03
Column=000131072 Fraction=39.3% Gflops=6.471e+03
Column=000131328 Fraction=39.4% Gflops=6.470e+03
Column=000131584 Fraction=39.4% Gflops=6.471e+03
Column=000131840 Fraction=39.5% Gflops=6.471e+03
Column=000132096 Fraction=39.6% Gflops=6.471e+03
Column=000132352 Fraction=39.7% Gflops=6.471e+03
Column=000132608 Fraction=39.8% Gflops=6.470e+03
Column=000132864 Fraction=39.8% Gflops=6.471e+03
Column=000133120 Fraction=39.9% Gflops=6.470e+03
Column=000133376 Fraction=40.0% Gflops=6.471e+03
Column=000133632 Fraction=40.1% Gflops=6.470e+03
Column=000133888 Fraction=40.1% Gflops=6.470e+03
Column=000134144 Fraction=40.2% Gflops=6.470e+03
Column=000134400 Fraction=40.3% Gflops=6.470e+03
Column=000134656 Fraction=40.4% Gflops=6.471e+03
Column=000134912 Fraction=40.4% Gflops=6.471e+03
Column=000135168 Fraction=40.5% Gflops=6.471e+03
Column=000135424 Fraction=40.6% Gflops=6.472e+03
Column=000135680 Fraction=40.7% Gflops=6.469e+03
Column=000135936 Fraction=40.8% Gflops=6.468e+03
Column=000136192 Fraction=40.8% Gflops=6.467e+03
Column=000136448 Fraction=40.9% Gflops=6.467e+03
Column=000136704 Fraction=41.0% Gflops=6.466e+03
Column=000136960 Fraction=41.1% Gflops=6.466e+03
Column=000137216 Fraction=41.1% Gflops=6.465e+03
Column=000137472 Fraction=41.2% Gflops=6.465e+03
Column=000137728 Fraction=41.3% Gflops=6.466e+03
Column=000137984 Fraction=41.4% Gflops=6.466e+03
Column=000138240 Fraction=41.4% Gflops=6.466e+03
Column=000138496 Fraction=41.5% Gflops=6.466e+03
Column=000138752 Fraction=41.6% Gflops=6.466e+03
Column=000139008 Fraction=41.7% Gflops=6.466e+03
Column=000139264 Fraction=41.7% Gflops=6.466e+03
Column=000139520 Fraction=41.8% Gflops=6.464e+03
Column=000139776 Fraction=41.9% Gflops=6.464e+03
Column=000140032 Fraction=42.0% Gflops=6.463e+03
Column=000140288 Fraction=42.1% Gflops=6.463e+03
Column=000140544 Fraction=42.1% Gflops=6.462e+03
Column=000140800 Fraction=42.2% Gflops=6.461e+03
Column=000141056 Fraction=42.3% Gflops=6.460e+03
Column=000141312 Fraction=42.4% Gflops=6.459e+03
Column=000141568 Fraction=42.4% Gflops=6.459e+03
Column=000141824 Fraction=42.5% Gflops=6.459e+03
Column=000142080 Fraction=42.6% Gflops=6.459e+03
Column=000142336 Fraction=42.7% Gflops=6.459e+03
Column=000142592 Fraction=42.7% Gflops=6.459e+03
Column=000142848 Fraction=42.8% Gflops=6.459e+03
Column=000143104 Fraction=42.9% Gflops=6.459e+03
Column=000143360 Fraction=43.0% Gflops=6.460e+03
Column=000143616 Fraction=43.1% Gflops=6.458e+03
Column=000143872 Fraction=43.1% Gflops=6.455e+03
Column=000144128 Fraction=43.2% Gflops=6.455e+03
Column=000144384 Fraction=43.3% Gflops=6.455e+03
Column=000144640 Fraction=43.4% Gflops=6.455e+03
Column=000144896 Fraction=43.4% Gflops=6.455e+03
Column=000145152 Fraction=43.5% Gflops=6.455e+03
Column=000145408 Fraction=43.6% Gflops=6.455e+03
Column=000145664 Fraction=43.7% Gflops=6.455e+03
Column=000145920 Fraction=43.7% Gflops=6.456e+03
Column=000146176 Fraction=43.8% Gflops=6.456e+03
Column=000146432 Fraction=43.9% Gflops=6.456e+03
Column=000146688 Fraction=44.0% Gflops=6.457e+03
Column=000146944 Fraction=44.1% Gflops=6.458e+03
Column=000147200 Fraction=44.1% Gflops=6.458e+03
Column=000147456 Fraction=44.2% Gflops=6.459e+03
Column=000147712 Fraction=44.3% Gflops=6.453e+03
Column=000147968 Fraction=44.4% Gflops=6.454e+03
Column=000148224 Fraction=44.4% Gflops=6.454e+03
Column=000148480 Fraction=44.5% Gflops=6.454e+03
Column=000148736 Fraction=44.6% Gflops=6.454e+03
Column=000148992 Fraction=44.7% Gflops=6.453e+03
Column=000149248 Fraction=44.7% Gflops=6.452e+03
Column=000149504 Fraction=44.8% Gflops=6.451e+03
Column=000149760 Fraction=44.9% Gflops=6.451e+03
Column=000150016 Fraction=45.0% Gflops=6.450e+03
Column=000150272 Fraction=45.0% Gflops=6.450e+03
Column=000150528 Fraction=45.1% Gflops=6.450e+03
Column=000150784 Fraction=45.2% Gflops=6.450e+03
Column=000151040 Fraction=45.3% Gflops=6.450e+03
Column=000151296 Fraction=45.4% Gflops=6.450e+03
Column=000151552 Fraction=45.4% Gflops=6.451e+03
Column=000151808 Fraction=45.5% Gflops=6.451e+03
Column=000152064 Fraction=45.6% Gflops=6.450e+03
Column=000152320 Fraction=45.7% Gflops=6.449e+03
Column=000152576 Fraction=45.7% Gflops=6.448e+03
Column=000152832 Fraction=45.8% Gflops=6.447e+03
Column=000153088 Fraction=45.9% Gflops=6.446e+03
Column=000153344 Fraction=46.0% Gflops=6.446e+03
Column=000153600 Fraction=46.0% Gflops=6.445e+03
Column=000153856 Fraction=46.1% Gflops=6.444e+03
Column=000154112 Fraction=46.2% Gflops=6.442e+03
Column=000154368 Fraction=46.3% Gflops=6.442e+03
Column=000154624 Fraction=46.4% Gflops=6.442e+03
Column=000154880 Fraction=46.4% Gflops=6.442e+03
Column=000155136 Fraction=46.5% Gflops=6.443e+03
Column=000155392 Fraction=46.6% Gflops=6.443e+03
Column=000155648 Fraction=46.7% Gflops=6.444e+03
Column=000155904 Fraction=46.7% Gflops=6.443e+03
Column=000156160 Fraction=46.8% Gflops=6.444e+03
Column=000156416 Fraction=46.9% Gflops=6.445e+03
Column=000156672 Fraction=47.0% Gflops=6.445e+03
Column=000156928 Fraction=47.0% Gflops=6.445e+03
Column=000157184 Fraction=47.1% Gflops=6.444e+03
Column=000157440 Fraction=47.2% Gflops=6.443e+03
Column=000157696 Fraction=47.3% Gflops=6.443e+03
Column=000157952 Fraction=47.4% Gflops=6.442e+03
Column=000158208 Fraction=47.4% Gflops=6.441e+03
Column=000158464 Fraction=47.5% Gflops=6.441e+03
Column=000158720 Fraction=47.6% Gflops=6.442e+03
Column=000158976 Fraction=47.7% Gflops=6.441e+03
Column=000159232 Fraction=47.7% Gflops=6.442e+03
Column=000159488 Fraction=47.8% Gflops=6.442e+03
Column=000159744 Fraction=47.9% Gflops=6.442e+03
Column=000160000 Fraction=48.0% Gflops=6.441e+03
Column=000160256 Fraction=48.0% Gflops=6.440e+03
Column=000160512 Fraction=48.1% Gflops=6.439e+03
Column=000160768 Fraction=48.2% Gflops=6.438e+03
Column=000161024 Fraction=48.3% Gflops=6.438e+03
Column=000161280 Fraction=48.3% Gflops=6.438e+03
Column=000161536 Fraction=48.4% Gflops=6.437e+03
Column=000161792 Fraction=48.5% Gflops=6.437e+03
Column=000162048 Fraction=48.6% Gflops=6.437e+03
Column=000162304 Fraction=48.7% Gflops=6.437e+03
Column=000162560 Fraction=48.7% Gflops=6.437e+03
Column=000162816 Fraction=48.8% Gflops=6.436e+03
Column=000163072 Fraction=48.9% Gflops=6.436e+03
Column=000163328 Fraction=49.0% Gflops=6.436e+03
Column=000163584 Fraction=49.0% Gflops=6.436e+03
Column=000163840 Fraction=49.1% Gflops=6.435e+03
Column=000164096 Fraction=49.2% Gflops=6.434e+03
Column=000164352 Fraction=49.3% Gflops=6.435e+03
Column=000164608 Fraction=49.3% Gflops=6.436e+03
Column=000164864 Fraction=49.4% Gflops=6.436e+03
Column=000165120 Fraction=49.5% Gflops=6.436e+03
Column=000165376 Fraction=49.6% Gflops=6.436e+03
Column=000165632 Fraction=49.7% Gflops=6.436e+03
Column=000165888 Fraction=49.7% Gflops=6.436e+03
Column=000166144 Fraction=49.8% Gflops=6.435e+03
Column=000166400 Fraction=49.9% Gflops=6.434e+03
Column=000166656 Fraction=50.0% Gflops=6.434e+03
Column=000166912 Fraction=50.0% Gflops=6.433e+03
Column=000167168 Fraction=50.1% Gflops=6.432e+03
Column=000167424 Fraction=50.2% Gflops=6.432e+03
Column=000167680 Fraction=50.3% Gflops=6.433e+03
Column=000167936 Fraction=50.3% Gflops=6.433e+03
Column=000168192 Fraction=50.4% Gflops=6.433e+03
Column=000168448 Fraction=50.5% Gflops=6.432e+03
Column=000168704 Fraction=50.6% Gflops=6.432e+03
Column=000168960 Fraction=50.7% Gflops=6.432e+03
Column=000169216 Fraction=50.7% Gflops=6.432e+03
Column=000169472 Fraction=50.8% Gflops=6.432e+03
Column=000169728 Fraction=50.9% Gflops=6.432e+03
Column=000169984 Fraction=51.0% Gflops=6.432e+03
Column=000170240 Fraction=51.0% Gflops=6.432e+03
Column=000170496 Fraction=51.1% Gflops=6.432e+03
Column=000170752 Fraction=51.2% Gflops=6.432e+03
Column=000171008 Fraction=51.3% Gflops=6.433e+03
Column=000171264 Fraction=51.3% Gflops=6.433e+03
Column=000171520 Fraction=51.4% Gflops=6.434e+03
Column=000171776 Fraction=51.5% Gflops=6.434e+03
Column=000172032 Fraction=51.6% Gflops=6.434e+03
Column=000172288 Fraction=51.7% Gflops=6.428e+03
Column=000172544 Fraction=51.7% Gflops=6.429e+03
Column=000172800 Fraction=51.8% Gflops=6.429e+03
Column=000173056 Fraction=51.9% Gflops=6.428e+03
Column=000173312 Fraction=52.0% Gflops=6.428e+03
Column=000173568 Fraction=52.0% Gflops=6.428e+03
Column=000173824 Fraction=52.1% Gflops=6.427e+03
Column=000174080 Fraction=52.2% Gflops=6.427e+03
Column=000174336 Fraction=52.3% Gflops=6.426e+03
Column=000174592 Fraction=52.3% Gflops=6.426e+03
Column=000174848 Fraction=52.4% Gflops=6.426e+03
Column=000175104 Fraction=52.5% Gflops=6.426e+03
Column=000175360 Fraction=52.6% Gflops=6.426e+03
Column=000175616 Fraction=52.6% Gflops=6.426e+03
Column=000175872 Fraction=52.7% Gflops=6.426e+03
Column=000176128 Fraction=52.8% Gflops=6.425e+03
Column=000176384 Fraction=52.9% Gflops=6.424e+03
Column=000176640 Fraction=53.0% Gflops=6.423e+03
Column=000176896 Fraction=53.0% Gflops=6.423e+03
Column=000177152 Fraction=53.1% Gflops=6.423e+03
Column=000177408 Fraction=53.2% Gflops=6.422e+03
Column=000177664 Fraction=53.3% Gflops=6.422e+03
Column=000177920 Fraction=53.3% Gflops=6.422e+03
Column=000178176 Fraction=53.4% Gflops=6.422e+03
Column=000178432 Fraction=53.5% Gflops=6.422e+03
Column=000178688 Fraction=53.6% Gflops=6.422e+03
Column=000178944 Fraction=53.6% Gflops=6.422e+03
Column=000179200 Fraction=53.7% Gflops=6.423e+03
Column=000179456 Fraction=53.8% Gflops=6.423e+03
Column=000179712 Fraction=53.9% Gflops=6.423e+03
Column=000179968 Fraction=54.0% Gflops=6.424e+03
Column=000180224 Fraction=54.0% Gflops=6.425e+03
Column=000180480 Fraction=54.1% Gflops=6.403e+03
Column=000180736 Fraction=54.2% Gflops=6.404e+03
Column=000180992 Fraction=54.3% Gflops=6.404e+03
Column=000181248 Fraction=54.3% Gflops=6.405e+03
Column=000181504 Fraction=54.4% Gflops=6.405e+03
Column=000181760 Fraction=54.5% Gflops=6.405e+03
Column=000182016 Fraction=54.6% Gflops=6.405e+03
Column=000182272 Fraction=54.6% Gflops=6.405e+03
Column=000182528 Fraction=54.7% Gflops=6.406e+03
Column=000182784 Fraction=54.8% Gflops=6.405e+03
Column=000183040 Fraction=54.9% Gflops=6.405e+03
Column=000183296 Fraction=55.0% Gflops=6.405e+03
Column=000183552 Fraction=55.0% Gflops=6.404e+03
Column=000183808 Fraction=55.1% Gflops=6.403e+03
Column=000184064 Fraction=55.2% Gflops=6.403e+03
Column=000184320 Fraction=55.3% Gflops=6.403e+03
Column=000184576 Fraction=55.3% Gflops=6.403e+03
Column=000184832 Fraction=55.4% Gflops=6.402e+03
Column=000185088 Fraction=55.5% Gflops=6.402e+03
Column=000185344 Fraction=55.6% Gflops=6.401e+03
Column=000185600 Fraction=55.6% Gflops=6.401e+03
Column=000185856 Fraction=55.7% Gflops=6.401e+03
Column=000186112 Fraction=55.8% Gflops=6.401e+03
Column=000186368 Fraction=55.9% Gflops=6.401e+03
Column=000186624 Fraction=55.9% Gflops=6.400e+03
Column=000186880 Fraction=56.0% Gflops=6.400e+03
Column=000187136 Fraction=56.1% Gflops=6.400e+03
Column=000187392 Fraction=56.2% Gflops=6.400e+03
Column=000187648 Fraction=56.3% Gflops=6.400e+03
Column=000187904 Fraction=56.3% Gflops=6.400e+03
Column=000188160 Fraction=56.4% Gflops=6.400e+03
Column=000188416 Fraction=56.5% Gflops=6.400e+03
Column=000188672 Fraction=56.6% Gflops=6.399e+03
Column=000188928 Fraction=56.6% Gflops=6.400e+03
Column=000189184 Fraction=56.7% Gflops=6.400e+03
Column=000189440 Fraction=56.8% Gflops=6.400e+03
Column=000189696 Fraction=56.9% Gflops=6.400e+03
Column=000189952 Fraction=56.9% Gflops=6.399e+03
Column=000190208 Fraction=57.0% Gflops=6.399e+03
Column=000190464 Fraction=57.1% Gflops=6.398e+03
Column=000190720 Fraction=57.2% Gflops=6.398e+03
Column=000190976 Fraction=57.3% Gflops=6.398e+03
Column=000191232 Fraction=57.3% Gflops=6.398e+03
Column=000191488 Fraction=57.4% Gflops=6.398e+03
Column=000191744 Fraction=57.5% Gflops=6.377e+03
Column=000192000 Fraction=57.6% Gflops=6.376e+03
Column=000192256 Fraction=57.6% Gflops=6.376e+03
Column=000192512 Fraction=57.7% Gflops=6.375e+03
Column=000192768 Fraction=57.8% Gflops=6.375e+03
Column=000193024 Fraction=57.9% Gflops=6.373e+03
Column=000193280 Fraction=57.9% Gflops=6.373e+03
Column=000193536 Fraction=58.0% Gflops=6.372e+03
Column=000193792 Fraction=58.1% Gflops=6.372e+03
Column=000194048 Fraction=58.2% Gflops=6.371e+03
Column=000194304 Fraction=58.3% Gflops=6.372e+03
Column=000194560 Fraction=58.3% Gflops=6.371e+03
Column=000194816 Fraction=58.4% Gflops=6.371e+03
Column=000195072 Fraction=58.5% Gflops=6.371e+03
Column=000195328 Fraction=58.6% Gflops=6.371e+03
Column=000195584 Fraction=58.6% Gflops=6.370e+03
Column=000195840 Fraction=58.7% Gflops=6.370e+03
Column=000196096 Fraction=58.8% Gflops=6.370e+03
Column=000196352 Fraction=58.9% Gflops=6.371e+03
Column=000196608 Fraction=58.9% Gflops=6.371e+03
Column=000196864 Fraction=59.0% Gflops=6.370e+03
Column=000197120 Fraction=59.1% Gflops=6.370e+03
Column=000197376 Fraction=59.2% Gflops=6.370e+03
Column=000197632 Fraction=59.2% Gflops=6.370e+03
Column=000197888 Fraction=59.3% Gflops=6.369e+03
Column=000198144 Fraction=59.4% Gflops=6.369e+03
Column=000198400 Fraction=59.5% Gflops=6.368e+03
Column=000198656 Fraction=59.6% Gflops=6.368e+03
Column=000198912 Fraction=59.6% Gflops=6.367e+03
Column=000199168 Fraction=59.7% Gflops=6.367e+03
Column=000199424 Fraction=59.8% Gflops=6.366e+03
Column=000199680 Fraction=59.9% Gflops=6.366e+03
Column=000199936 Fraction=59.9% Gflops=6.365e+03
Column=000200192 Fraction=60.0% Gflops=6.365e+03
Column=000200448 Fraction=60.1% Gflops=6.365e+03
Column=000200704 Fraction=60.2% Gflops=6.365e+03
Column=000200960 Fraction=60.2% Gflops=6.365e+03
Column=000201216 Fraction=60.3% Gflops=6.364e+03
Column=000201472 Fraction=60.4% Gflops=6.363e+03
Column=000201728 Fraction=60.5% Gflops=6.363e+03
Column=000201984 Fraction=60.6% Gflops=6.362e+03
Column=000202240 Fraction=60.6% Gflops=6.362e+03
Column=000202496 Fraction=60.7% Gflops=6.362e+03
Column=000202752 Fraction=60.8% Gflops=6.362e+03
Column=000203008 Fraction=60.9% Gflops=6.362e+03
Column=000203264 Fraction=60.9% Gflops=6.363e+03
Column=000203520 Fraction=61.0% Gflops=6.362e+03
Column=000203776 Fraction=61.1% Gflops=6.363e+03
Column=000204032 Fraction=61.2% Gflops=6.363e+03
Column=000204288 Fraction=61.2% Gflops=6.363e+03
Column=000204544 Fraction=61.3% Gflops=6.363e+03
Column=000204800 Fraction=61.4% Gflops=6.348e+03
Column=000205056 Fraction=61.5% Gflops=6.336e+03
Column=000205312 Fraction=61.6% Gflops=6.336e+03
Column=000205568 Fraction=61.6% Gflops=6.336e+03
Column=000205824 Fraction=61.7% Gflops=6.336e+03
Column=000206080 Fraction=61.8% Gflops=6.335e+03
Column=000206336 Fraction=61.9% Gflops=6.335e+03
Column=000206592 Fraction=61.9% Gflops=6.335e+03
Column=000206848 Fraction=62.0% Gflops=6.335e+03
Column=000207104 Fraction=62.1% Gflops=6.333e+03
Column=000207360 Fraction=62.2% Gflops=6.333e+03
Column=000207616 Fraction=62.2% Gflops=6.333e+03
Column=000207872 Fraction=62.3% Gflops=6.333e+03
Column=000208128 Fraction=62.4% Gflops=6.333e+03
Column=000208384 Fraction=62.5% Gflops=6.333e+03
Column=000208640 Fraction=62.5% Gflops=6.333e+03
Column=000208896 Fraction=62.6% Gflops=6.333e+03
Column=000209152 Fraction=62.7% Gflops=6.333e+03
Column=000209408 Fraction=62.8% Gflops=6.331e+03
Column=000209664 Fraction=62.9% Gflops=6.331e+03
Column=000209920 Fraction=62.9% Gflops=6.331e+03
Column=000210176 Fraction=63.0% Gflops=6.331e+03
Column=000210432 Fraction=63.1% Gflops=6.331e+03
Column=000210688 Fraction=63.2% Gflops=6.331e+03
Column=000210944 Fraction=63.2% Gflops=6.331e+03
Column=000211200 Fraction=63.3% Gflops=6.332e+03
Column=000211456 Fraction=63.4% Gflops=6.332e+03
Column=000211712 Fraction=63.5% Gflops=6.333e+03
Column=000211968 Fraction=63.5% Gflops=6.333e+03
Column=000212224 Fraction=63.6% Gflops=6.334e+03
Column=000212480 Fraction=63.7% Gflops=6.334e+03
Column=000212736 Fraction=63.8% Gflops=6.320e+03
Column=000212992 Fraction=63.9% Gflops=6.311e+03
Column=000213248 Fraction=63.9% Gflops=6.308e+03
Column=000213504 Fraction=64.0% Gflops=6.308e+03
Column=000213760 Fraction=64.1% Gflops=6.308e+03
Column=000214016 Fraction=64.2% Gflops=6.307e+03
Column=000214272 Fraction=64.2% Gflops=6.307e+03
Column=000214528 Fraction=64.3% Gflops=6.307e+03
Column=000214784 Fraction=64.4% Gflops=6.305e+03
Column=000215040 Fraction=64.5% Gflops=6.305e+03
Column=000215296 Fraction=64.5% Gflops=6.305e+03
Column=000215552 Fraction=64.6% Gflops=6.304e+03
Column=000215808 Fraction=64.7% Gflops=6.304e+03
Column=000216064 Fraction=64.8% Gflops=6.304e+03
Column=000216320 Fraction=64.9% Gflops=6.304e+03
Column=000216576 Fraction=64.9% Gflops=6.304e+03
Column=000216832 Fraction=65.0% Gflops=6.304e+03
Column=000217088 Fraction=65.1% Gflops=6.304e+03
Column=000217344 Fraction=65.2% Gflops=6.304e+03
Column=000217600 Fraction=65.2% Gflops=6.303e+03
Column=000217856 Fraction=65.3% Gflops=6.303e+03
Column=000218112 Fraction=65.4% Gflops=6.302e+03
Column=000218368 Fraction=65.5% Gflops=6.302e+03
Column=000218624 Fraction=65.5% Gflops=6.302e+03
Column=000218880 Fraction=65.6% Gflops=6.302e+03
Column=000219136 Fraction=65.7% Gflops=6.302e+03
Column=000219392 Fraction=65.8% Gflops=6.301e+03
Column=000219648 Fraction=65.8% Gflops=6.302e+03
Column=000219904 Fraction=65.9% Gflops=6.302e+03
Column=000220160 Fraction=66.0% Gflops=6.302e+03
Column=000220416 Fraction=66.1% Gflops=6.302e+03
Column=000220672 Fraction=66.2% Gflops=6.302e+03
Column=000220928 Fraction=66.2% Gflops=6.302e+03
Column=000221184 Fraction=66.3% Gflops=6.302e+03
Column=000221440 Fraction=66.4% Gflops=6.300e+03
Column=000221696 Fraction=66.5% Gflops=6.300e+03
Column=000221952 Fraction=66.5% Gflops=6.300e+03
Column=000222208 Fraction=66.6% Gflops=6.299e+03
Column=000222464 Fraction=66.7% Gflops=6.299e+03
Column=000222720 Fraction=66.8% Gflops=6.298e+03
Column=000222976 Fraction=66.8% Gflops=6.298e+03
Column=000223232 Fraction=66.9% Gflops=6.298e+03
Column=000223488 Fraction=67.0% Gflops=6.298e+03
Column=000223744 Fraction=67.1% Gflops=6.297e+03
Column=000224000 Fraction=67.2% Gflops=6.297e+03
Column=000224256 Fraction=67.2% Gflops=6.297e+03
Column=000224512 Fraction=67.3% Gflops=6.297e+03
Column=000224768 Fraction=67.4% Gflops=6.297e+03
Column=000225024 Fraction=67.5% Gflops=6.296e+03
Column=000225280 Fraction=67.5% Gflops=6.296e+03
Column=000225536 Fraction=67.6% Gflops=6.296e+03
Column=000225792 Fraction=67.7% Gflops=6.295e+03
Column=000226048 Fraction=67.8% Gflops=6.295e+03
Column=000226304 Fraction=67.8% Gflops=6.295e+03
Column=000226560 Fraction=67.9% Gflops=6.295e+03
Column=000226816 Fraction=68.0% Gflops=6.294e+03
Column=000227072 Fraction=68.1% Gflops=6.294e+03
Column=000227328 Fraction=68.2% Gflops=6.294e+03
Column=000227584 Fraction=68.2% Gflops=6.294e+03
Column=000227840 Fraction=68.3% Gflops=6.294e+03
Column=000228096 Fraction=68.4% Gflops=6.294e+03
Column=000228352 Fraction=68.5% Gflops=6.294e+03
Column=000228608 Fraction=68.5% Gflops=6.294e+03
Column=000228864 Fraction=68.6% Gflops=6.294e+03
Column=000229120 Fraction=68.7% Gflops=6.294e+03
Column=000229376 Fraction=68.8% Gflops=6.294e+03
Column=000229632 Fraction=68.8% Gflops=6.293e+03
Column=000229888 Fraction=68.9% Gflops=6.293e+03
Column=000230144 Fraction=69.0% Gflops=6.293e+03
Column=000230400 Fraction=69.1% Gflops=6.292e+03
Column=000230656 Fraction=69.1% Gflops=6.291e+03
Column=000230912 Fraction=69.2% Gflops=6.291e+03
Column=000231168 Fraction=69.3% Gflops=6.291e+03
Column=000231424 Fraction=69.4% Gflops=6.291e+03
Column=000231680 Fraction=69.5% Gflops=6.290e+03
Column=000231936 Fraction=69.5% Gflops=6.290e+03
Column=000232192 Fraction=69.6% Gflops=6.289e+03
Column=000232448 Fraction=69.7% Gflops=6.289e+03
Column=000232704 Fraction=69.8% Gflops=6.289e+03
Column=000232960 Fraction=69.8% Gflops=6.289e+03
Column=000233216 Fraction=69.9% Gflops=6.289e+03
Column=000233472 Fraction=70.0% Gflops=6.289e+03
Column=000233728 Fraction=70.1% Gflops=6.289e+03
Column=000233984 Fraction=70.1% Gflops=6.288e+03
Column=000234240 Fraction=70.2% Gflops=6.288e+03
Column=000234496 Fraction=70.3% Gflops=6.288e+03
Column=000234752 Fraction=70.4% Gflops=6.287e+03
Column=000235008 Fraction=70.5% Gflops=6.287e+03
Column=000235264 Fraction=70.5% Gflops=6.287e+03
Column=000235520 Fraction=70.6% Gflops=6.287e+03
Column=000235776 Fraction=70.7% Gflops=6.286e+03
Column=000236032 Fraction=70.8% Gflops=6.286e+03
Column=000236288 Fraction=70.8% Gflops=6.286e+03
Column=000236544 Fraction=70.9% Gflops=6.286e+03
Column=000236800 Fraction=71.0% Gflops=6.285e+03
Column=000237056 Fraction=71.1% Gflops=6.285e+03
Column=000237312 Fraction=71.1% Gflops=6.285e+03
Column=000237568 Fraction=71.2% Gflops=6.285e+03
Column=000237824 Fraction=71.3% Gflops=6.284e+03
Column=000238080 Fraction=71.4% Gflops=6.284e+03
Column=000238336 Fraction=71.5% Gflops=6.284e+03
Column=000238592 Fraction=71.5% Gflops=6.283e+03
Column=000238848 Fraction=71.6% Gflops=6.283e+03
Column=000239104 Fraction=71.7% Gflops=6.283e+03
Column=000239360 Fraction=71.8% Gflops=6.282e+03
Column=000239616 Fraction=71.8% Gflops=6.282e+03
Column=000239872 Fraction=71.9% Gflops=6.282e+03
Column=000240128 Fraction=72.0% Gflops=6.281e+03
Column=000240384 Fraction=72.1% Gflops=6.281e+03
Column=000240640 Fraction=72.1% Gflops=6.281e+03
Column=000240896 Fraction=72.2% Gflops=6.281e+03
Column=000241152 Fraction=72.3% Gflops=6.281e+03
Column=000241408 Fraction=72.4% Gflops=6.281e+03
Column=000241664 Fraction=72.4% Gflops=6.280e+03
Column=000241920 Fraction=72.5% Gflops=6.280e+03
Column=000242176 Fraction=72.6% Gflops=6.280e+03
Column=000242432 Fraction=72.7% Gflops=6.280e+03
Column=000242688 Fraction=72.8% Gflops=6.279e+03
Column=000242944 Fraction=72.8% Gflops=6.279e+03
Column=000243200 Fraction=72.9% Gflops=6.279e+03
Column=000243456 Fraction=73.0% Gflops=6.279e+03
Column=000243712 Fraction=73.1% Gflops=6.279e+03
Column=000243968 Fraction=73.1% Gflops=6.279e+03
Column=000244224 Fraction=73.2% Gflops=6.278e+03
Column=000244480 Fraction=73.3% Gflops=6.278e+03
Column=000244736 Fraction=73.4% Gflops=6.278e+03
Column=000244992 Fraction=73.4% Gflops=6.278e+03
Column=000245248 Fraction=73.5% Gflops=6.278e+03
Column=000245504 Fraction=73.6% Gflops=6.278e+03
Column=000245760 Fraction=73.7% Gflops=6.278e+03
Column=000246016 Fraction=73.8% Gflops=6.277e+03
Column=000246272 Fraction=73.8% Gflops=6.277e+03
Column=000246528 Fraction=73.9% Gflops=6.276e+03
Column=000246784 Fraction=74.0% Gflops=6.275e+03
Column=000247040 Fraction=74.1% Gflops=6.275e+03
Column=000247296 Fraction=74.1% Gflops=6.275e+03
Column=000247552 Fraction=74.2% Gflops=6.275e+03
Column=000247808 Fraction=74.3% Gflops=6.275e+03
Column=000248064 Fraction=74.4% Gflops=6.274e+03
Column=000248320 Fraction=74.4% Gflops=6.274e+03
Column=000248576 Fraction=74.5% Gflops=6.274e+03
Column=000248832 Fraction=74.6% Gflops=6.274e+03
Column=000249088 Fraction=74.7% Gflops=6.274e+03
Column=000249344 Fraction=74.8% Gflops=6.274e+03
Column=000249600 Fraction=74.8% Gflops=6.273e+03
Column=000249856 Fraction=74.9% Gflops=6.273e+03
Column=000250112 Fraction=75.0% Gflops=6.273e+03
Column=000250368 Fraction=75.1% Gflops=6.272e+03
Column=000250624 Fraction=75.1% Gflops=6.272e+03
Column=000250880 Fraction=75.2% Gflops=6.272e+03
Column=000251136 Fraction=75.3% Gflops=6.272e+03
Column=000251392 Fraction=75.4% Gflops=6.272e+03
Column=000251648 Fraction=75.4% Gflops=6.272e+03
Column=000251904 Fraction=75.5% Gflops=6.272e+03
Column=000252160 Fraction=75.6% Gflops=6.271e+03
Column=000252416 Fraction=75.7% Gflops=6.271e+03
Column=000252672 Fraction=75.7% Gflops=6.271e+03
Column=000252928 Fraction=75.8% Gflops=6.271e+03
Column=000253184 Fraction=75.9% Gflops=6.271e+03
Column=000253440 Fraction=76.0% Gflops=6.271e+03
Column=000253696 Fraction=76.1% Gflops=6.271e+03
Column=000253952 Fraction=76.1% Gflops=6.271e+03
Column=000254208 Fraction=76.2% Gflops=6.270e+03
Column=000254464 Fraction=76.3% Gflops=6.270e+03
Column=000254720 Fraction=76.4% Gflops=6.269e+03
Column=000254976 Fraction=76.4% Gflops=6.269e+03
Column=000255232 Fraction=76.5% Gflops=6.269e+03
Column=000255488 Fraction=76.6% Gflops=6.268e+03
Column=000255744 Fraction=76.7% Gflops=6.268e+03
Column=000256000 Fraction=76.7% Gflops=6.267e+03
Column=000256256 Fraction=76.8% Gflops=6.267e+03
Column=000256512 Fraction=76.9% Gflops=6.267e+03
Column=000256768 Fraction=77.0% Gflops=6.267e+03
Column=000257024 Fraction=77.1% Gflops=6.266e+03
Column=000257280 Fraction=77.1% Gflops=6.266e+03
Column=000257536 Fraction=77.2% Gflops=6.266e+03
Column=000257792 Fraction=77.3% Gflops=6.266e+03
Column=000258048 Fraction=77.4% Gflops=6.266e+03
Column=000258304 Fraction=77.4% Gflops=6.265e+03
Column=000258560 Fraction=77.5% Gflops=6.265e+03
Column=000258816 Fraction=77.6% Gflops=6.265e+03
Column=000259072 Fraction=77.7% Gflops=6.265e+03
Column=000259328 Fraction=77.7% Gflops=6.264e+03
Column=000259584 Fraction=77.8% Gflops=6.264e+03
Column=000259840 Fraction=77.9% Gflops=6.264e+03
Column=000260096 Fraction=78.0% Gflops=6.264e+03
Column=000260352 Fraction=78.1% Gflops=6.264e+03
Column=000260608 Fraction=78.1% Gflops=6.264e+03
Column=000260864 Fraction=78.2% Gflops=6.263e+03
Column=000261120 Fraction=78.3% Gflops=6.263e+03
Column=000261376 Fraction=78.4% Gflops=6.263e+03
Column=000261632 Fraction=78.4% Gflops=6.263e+03
Column=000261888 Fraction=78.5% Gflops=6.263e+03
Column=000262144 Fraction=78.6% Gflops=6.263e+03
Column=000262400 Fraction=78.7% Gflops=6.262e+03
Column=000262656 Fraction=78.7% Gflops=6.262e+03
Column=000262912 Fraction=78.8% Gflops=6.262e+03
Column=000263168 Fraction=78.9% Gflops=6.262e+03
Column=000263424 Fraction=79.0% Gflops=6.262e+03
Column=000263680 Fraction=79.0% Gflops=6.261e+03
Column=000263936 Fraction=79.1% Gflops=6.261e+03
Column=000264192 Fraction=79.2% Gflops=6.260e+03
Column=000264448 Fraction=79.3% Gflops=6.260e+03
Column=000264704 Fraction=79.4% Gflops=6.260e+03
Column=000264960 Fraction=79.4% Gflops=6.259e+03
Column=000265216 Fraction=79.5% Gflops=6.259e+03
Column=000265472 Fraction=79.6% Gflops=6.259e+03
Column=000265728 Fraction=79.7% Gflops=6.258e+03
Column=000265984 Fraction=79.7% Gflops=6.258e+03
Column=000266240 Fraction=79.8% Gflops=6.258e+03
Column=000266496 Fraction=79.9% Gflops=6.258e+03
Column=000266752 Fraction=80.0% Gflops=6.257e+03
Column=000267008 Fraction=80.0% Gflops=6.256e+03
Column=000267264 Fraction=80.1% Gflops=6.256e+03
Column=000267520 Fraction=80.2% Gflops=6.256e+03
Column=000267776 Fraction=80.3% Gflops=6.255e+03
Column=000268032 Fraction=80.4% Gflops=6.255e+03
Column=000268288 Fraction=80.4% Gflops=6.254e+03
Column=000268544 Fraction=80.5% Gflops=6.254e+03
Column=000268800 Fraction=80.6% Gflops=6.254e+03
Column=000269056 Fraction=80.7% Gflops=6.254e+03
Column=000269312 Fraction=80.7% Gflops=6.253e+03
Column=000269568 Fraction=80.8% Gflops=6.253e+03
Column=000269824 Fraction=80.9% Gflops=6.253e+03
Column=000270080 Fraction=81.0% Gflops=6.253e+03
Column=000270336 Fraction=81.0% Gflops=6.252e+03
Column=000270592 Fraction=81.1% Gflops=6.252e+03
Column=000270848 Fraction=81.2% Gflops=6.252e+03
Column=000271104 Fraction=81.3% Gflops=6.252e+03
Column=000271360 Fraction=81.4% Gflops=6.251e+03
Column=000271616 Fraction=81.4% Gflops=6.251e+03
Column=000271872 Fraction=81.5% Gflops=6.251e+03
Column=000272128 Fraction=81.6% Gflops=6.250e+03
Column=000272384 Fraction=81.7% Gflops=6.250e+03
Column=000272640 Fraction=81.7% Gflops=6.249e+03
Column=000272896 Fraction=81.8% Gflops=6.249e+03
Column=000273152 Fraction=81.9% Gflops=6.249e+03
Column=000273408 Fraction=82.0% Gflops=6.249e+03
Column=000273664 Fraction=82.0% Gflops=6.248e+03
Column=000273920 Fraction=82.1% Gflops=6.248e+03
Column=000274176 Fraction=82.2% Gflops=6.248e+03
Column=000274432 Fraction=82.3% Gflops=6.248e+03
Column=000274688 Fraction=82.3% Gflops=6.247e+03
Column=000274944 Fraction=82.4% Gflops=6.247e+03
Column=000275200 Fraction=82.5% Gflops=6.247e+03
Column=000275456 Fraction=82.6% Gflops=6.246e+03
Column=000275712 Fraction=82.7% Gflops=6.246e+03
Column=000275968 Fraction=82.7% Gflops=6.246e+03
Column=000276224 Fraction=82.8% Gflops=6.246e+03
Column=000276480 Fraction=82.9% Gflops=6.245e+03
Column=000276736 Fraction=83.0% Gflops=6.245e+03
Column=000276992 Fraction=83.0% Gflops=6.245e+03
Column=000277248 Fraction=83.1% Gflops=6.245e+03
Column=000277504 Fraction=83.2% Gflops=6.244e+03
Column=000277760 Fraction=83.3% Gflops=6.244e+03
Column=000278016 Fraction=83.3% Gflops=6.244e+03
Column=000278272 Fraction=83.4% Gflops=6.244e+03
Column=000278528 Fraction=83.5% Gflops=6.243e+03
Column=000278784 Fraction=83.6% Gflops=6.243e+03
Column=000279040 Fraction=83.7% Gflops=6.243e+03
Column=000279296 Fraction=83.7% Gflops=6.242e+03
Column=000279552 Fraction=83.8% Gflops=6.242e+03
Column=000279808 Fraction=83.9% Gflops=6.242e+03
Column=000280064 Fraction=84.0% Gflops=6.242e+03
Column=000280320 Fraction=84.0% Gflops=6.241e+03
Column=000280576 Fraction=84.1% Gflops=6.241e+03
Column=000280832 Fraction=84.2% Gflops=6.241e+03
Column=000281088 Fraction=84.3% Gflops=6.240e+03
Column=000281344 Fraction=84.3% Gflops=6.240e+03
Column=000281600 Fraction=84.4% Gflops=6.240e+03
Column=000281856 Fraction=84.5% Gflops=6.240e+03
Column=000282112 Fraction=84.6% Gflops=6.240e+03
Column=000282368 Fraction=84.7% Gflops=6.239e+03
Column=000282624 Fraction=84.7% Gflops=6.239e+03
Column=000282880 Fraction=84.8% Gflops=6.239e+03
Column=000283136 Fraction=84.9% Gflops=6.238e+03
Column=000283392 Fraction=85.0% Gflops=6.238e+03
Column=000283648 Fraction=85.0% Gflops=6.238e+03
Column=000283904 Fraction=85.1% Gflops=6.238e+03
Column=000284160 Fraction=85.2% Gflops=6.237e+03
Column=000284416 Fraction=85.3% Gflops=6.237e+03
Column=000284672 Fraction=85.3% Gflops=6.237e+03
Column=000284928 Fraction=85.4% Gflops=6.237e+03
Column=000285184 Fraction=85.5% Gflops=6.236e+03
Column=000285440 Fraction=85.6% Gflops=6.236e+03
Column=000285696 Fraction=85.6% Gflops=6.236e+03
Column=000285952 Fraction=85.7% Gflops=6.235e+03
Column=000286208 Fraction=85.8% Gflops=6.235e+03
Column=000286464 Fraction=85.9% Gflops=6.235e+03
Column=000286720 Fraction=86.0% Gflops=6.235e+03
Column=000286976 Fraction=86.0% Gflops=6.234e+03
Column=000287232 Fraction=86.1% Gflops=6.234e+03
Column=000287488 Fraction=86.2% Gflops=6.233e+03
Column=000287744 Fraction=86.3% Gflops=6.233e+03
Column=000288000 Fraction=86.3% Gflops=6.233e+03
Column=000288256 Fraction=86.4% Gflops=6.233e+03
Column=000288512 Fraction=86.5% Gflops=6.232e+03
Column=000288768 Fraction=86.6% Gflops=6.232e+03
Column=000289024 Fraction=86.6% Gflops=6.232e+03
Column=000289280 Fraction=86.7% Gflops=6.231e+03
Column=000289536 Fraction=86.8% Gflops=6.231e+03
Column=000289792 Fraction=86.9% Gflops=6.231e+03
Column=000290048 Fraction=87.0% Gflops=6.231e+03
Column=000290304 Fraction=87.0% Gflops=6.230e+03
Column=000290560 Fraction=87.1% Gflops=6.230e+03
Column=000290816 Fraction=87.2% Gflops=6.230e+03
Column=000291072 Fraction=87.3% Gflops=6.229e+03
Column=000291328 Fraction=87.3% Gflops=6.229e+03
Column=000291584 Fraction=87.4% Gflops=6.229e+03
Column=000291840 Fraction=87.5% Gflops=6.228e+03
Column=000292096 Fraction=87.6% Gflops=6.228e+03
Column=000292352 Fraction=87.6% Gflops=6.228e+03
Column=000292608 Fraction=87.7% Gflops=6.227e+03
Column=000292864 Fraction=87.8% Gflops=6.227e+03
Column=000293120 Fraction=87.9% Gflops=6.227e+03
Column=000293376 Fraction=88.0% Gflops=6.226e+03
Column=000293632 Fraction=88.0% Gflops=6.226e+03
Column=000293888 Fraction=88.1% Gflops=6.226e+03
Column=000294144 Fraction=88.2% Gflops=6.226e+03
Column=000294400 Fraction=88.3% Gflops=6.225e+03
Column=000294656 Fraction=88.3% Gflops=6.225e+03
Column=000294912 Fraction=88.4% Gflops=6.225e+03
Column=000295168 Fraction=88.5% Gflops=6.224e+03
Column=000295424 Fraction=88.6% Gflops=6.224e+03
Column=000295680 Fraction=88.6% Gflops=6.224e+03
Column=000295936 Fraction=88.7% Gflops=6.223e+03
Column=000296192 Fraction=88.8% Gflops=6.223e+03
Column=000296448 Fraction=88.9% Gflops=6.223e+03
Column=000296704 Fraction=88.9% Gflops=6.223e+03
Column=000296960 Fraction=89.0% Gflops=6.222e+03
Column=000297216 Fraction=89.1% Gflops=6.222e+03
Column=000297472 Fraction=89.2% Gflops=6.222e+03
Column=000297728 Fraction=89.3% Gflops=6.221e+03
Column=000297984 Fraction=89.3% Gflops=6.221e+03
Column=000298240 Fraction=89.4% Gflops=6.221e+03
Column=000298496 Fraction=89.5% Gflops=6.221e+03
Column=000298752 Fraction=89.6% Gflops=6.220e+03
Column=000299008 Fraction=89.6% Gflops=6.220e+03
Column=000299264 Fraction=89.7% Gflops=6.220e+03
Column=000299520 Fraction=89.8% Gflops=6.219e+03
Column=000299776 Fraction=89.9% Gflops=6.219e+03
Column=000300032 Fraction=89.9% Gflops=6.219e+03
Column=000300288 Fraction=90.0% Gflops=6.218e+03
Column=000300544 Fraction=90.1% Gflops=6.218e+03
Column=000300800 Fraction=90.2% Gflops=6.218e+03
Column=000301056 Fraction=90.3% Gflops=6.217e+03
Column=000301312 Fraction=90.3% Gflops=6.217e+03
Column=000301568 Fraction=90.4% Gflops=6.217e+03
Column=000301824 Fraction=90.5% Gflops=6.217e+03
Column=000302080 Fraction=90.6% Gflops=6.216e+03
Column=000302336 Fraction=90.6% Gflops=6.216e+03
Column=000302592 Fraction=90.7% Gflops=6.216e+03
Column=000302848 Fraction=90.8% Gflops=6.216e+03
Column=000303104 Fraction=90.9% Gflops=6.215e+03
Column=000303360 Fraction=90.9% Gflops=6.215e+03
Column=000303616 Fraction=91.0% Gflops=6.215e+03
Column=000303872 Fraction=91.1% Gflops=6.214e+03
Column=000304128 Fraction=91.2% Gflops=6.214e+03
Column=000304384 Fraction=91.3% Gflops=6.214e+03
Column=000304640 Fraction=91.3% Gflops=6.213e+03
Column=000304896 Fraction=91.4% Gflops=6.213e+03
Column=000305152 Fraction=91.5% Gflops=6.213e+03
Column=000305408 Fraction=91.6% Gflops=6.213e+03
Column=000305664 Fraction=91.6% Gflops=6.212e+03
Column=000305920 Fraction=91.7% Gflops=6.212e+03
Column=000306176 Fraction=91.8% Gflops=6.212e+03
Column=000306432 Fraction=91.9% Gflops=6.211e+03
Column=000306688 Fraction=91.9% Gflops=6.211e+03
Column=000306944 Fraction=92.0% Gflops=6.211e+03
Column=000307200 Fraction=92.1% Gflops=6.211e+03
Column=000307456 Fraction=92.2% Gflops=6.210e+03
Column=000307712 Fraction=92.2% Gflops=6.210e+03
Column=000307968 Fraction=92.3% Gflops=6.210e+03
Column=000308224 Fraction=92.4% Gflops=6.209e+03
Column=000308480 Fraction=92.5% Gflops=6.209e+03
Column=000308736 Fraction=92.6% Gflops=6.209e+03
Column=000308992 Fraction=92.6% Gflops=6.208e+03
Column=000309248 Fraction=92.7% Gflops=6.208e+03
Column=000309504 Fraction=92.8% Gflops=6.208e+03
Column=000309760 Fraction=92.9% Gflops=6.208e+03
Column=000310016 Fraction=92.9% Gflops=6.207e+03
Column=000310272 Fraction=93.0% Gflops=6.207e+03
Column=000310528 Fraction=93.1% Gflops=6.207e+03
Column=000310784 Fraction=93.2% Gflops=6.206e+03
Column=000311040 Fraction=93.2% Gflops=6.206e+03
Column=000311296 Fraction=93.3% Gflops=6.206e+03
Column=000311552 Fraction=93.4% Gflops=6.205e+03
Column=000311808 Fraction=93.5% Gflops=6.205e+03
Column=000312064 Fraction=93.6% Gflops=6.205e+03
Column=000312320 Fraction=93.6% Gflops=6.205e+03
Column=000312576 Fraction=93.7% Gflops=6.204e+03
Column=000312832 Fraction=93.8% Gflops=6.204e+03
Column=000313088 Fraction=93.9% Gflops=6.204e+03
Column=000313344 Fraction=93.9% Gflops=6.203e+03
Column=000313600 Fraction=94.0% Gflops=6.203e+03
Column=000313856 Fraction=94.1% Gflops=6.203e+03
Column=000314112 Fraction=94.2% Gflops=6.203e+03
Column=000314368 Fraction=94.2% Gflops=6.202e+03
Column=000314624 Fraction=94.3% Gflops=6.202e+03
Column=000314880 Fraction=94.4% Gflops=6.202e+03
Column=000315136 Fraction=94.5% Gflops=6.202e+03
Column=000315392 Fraction=94.6% Gflops=6.201e+03
Column=000315648 Fraction=94.6% Gflops=6.201e+03
Column=000315904 Fraction=94.7% Gflops=6.201e+03
Column=000316160 Fraction=94.8% Gflops=6.200e+03
Column=000316416 Fraction=94.9% Gflops=6.200e+03
Column=000316672 Fraction=94.9% Gflops=6.200e+03
Column=000316928 Fraction=95.0% Gflops=6.200e+03
Column=000317184 Fraction=95.1% Gflops=6.199e+03
Column=000317440 Fraction=95.2% Gflops=6.199e+03
Column=000317696 Fraction=95.2% Gflops=6.199e+03
Column=000317952 Fraction=95.3% Gflops=6.199e+03
Column=000318208 Fraction=95.4% Gflops=6.199e+03
Column=000318464 Fraction=95.5% Gflops=6.198e+03
Column=000318720 Fraction=95.5% Gflops=6.198e+03
Column=000318976 Fraction=95.6% Gflops=6.198e+03
Column=000319232 Fraction=95.7% Gflops=6.198e+03
Column=000319488 Fraction=95.8% Gflops=6.197e+03
Column=000319744 Fraction=95.9% Gflops=6.197e+03
Column=000320000 Fraction=95.9% Gflops=6.197e+03
Column=000320256 Fraction=96.0% Gflops=6.197e+03
Column=000320512 Fraction=96.1% Gflops=6.196e+03
Column=000320768 Fraction=96.2% Gflops=6.196e+03
Column=000321024 Fraction=96.2% Gflops=6.196e+03
Column=000321280 Fraction=96.3% Gflops=6.196e+03
Column=000321536 Fraction=96.4% Gflops=6.195e+03
Column=000321792 Fraction=96.5% Gflops=6.195e+03
Column=000322048 Fraction=96.5% Gflops=6.195e+03
Column=000322304 Fraction=96.6% Gflops=6.195e+03
Column=000322560 Fraction=96.7% Gflops=6.194e+03
Column=000322816 Fraction=96.8% Gflops=6.194e+03
Column=000323072 Fraction=96.9% Gflops=6.194e+03
Column=000323328 Fraction=96.9% Gflops=6.194e+03
Column=000323584 Fraction=97.0% Gflops=6.193e+03
Column=000323840 Fraction=97.1% Gflops=6.193e+03
Column=000324096 Fraction=97.2% Gflops=6.193e+03
Column=000324352 Fraction=97.2% Gflops=6.193e+03
Column=000324608 Fraction=97.3% Gflops=6.193e+03
Column=000324864 Fraction=97.4% Gflops=6.192e+03
Column=000325120 Fraction=97.5% Gflops=6.192e+03
Column=000325376 Fraction=97.5% Gflops=6.192e+03
Column=000325632 Fraction=97.6% Gflops=6.192e+03
Column=000325888 Fraction=97.7% Gflops=6.192e+03
Column=000326144 Fraction=97.8% Gflops=6.191e+03
Column=000326400 Fraction=97.9% Gflops=6.191e+03
Column=000326656 Fraction=97.9% Gflops=6.191e+03
Column=000326912 Fraction=98.0% Gflops=6.191e+03
Column=000327168 Fraction=98.1% Gflops=6.190e+03
Column=000327424 Fraction=98.2% Gflops=6.190e+03
Column=000327680 Fraction=98.2% Gflops=6.190e+03
Column=000327936 Fraction=98.3% Gflops=6.190e+03
Column=000328192 Fraction=98.4% Gflops=6.190e+03
Column=000328448 Fraction=98.5% Gflops=6.190e+03
Column=000328704 Fraction=98.5% Gflops=6.189e+03
Column=000328960 Fraction=98.6% Gflops=6.189e+03
Column=000329216 Fraction=98.7% Gflops=6.189e+03
Column=000329472 Fraction=98.8% Gflops=6.189e+03
Column=000329728 Fraction=98.8% Gflops=6.189e+03
Column=000329984 Fraction=98.9% Gflops=6.188e+03
Column=000330240 Fraction=99.0% Gflops=6.188e+03
Column=000330496 Fraction=99.1% Gflops=6.188e+03
Column=000330752 Fraction=99.2% Gflops=6.188e+03
Column=000331008 Fraction=99.2% Gflops=6.188e+03
Column=000331264 Fraction=99.3% Gflops=6.188e+03
Column=000331520 Fraction=99.4% Gflops=6.188e+03
Column=000331776 Fraction=99.5% Gflops=6.187e+03
Column=000332032 Fraction=99.5% Gflops=6.187e+03
Column=000332288 Fraction=99.6% Gflops=6.187e+03
Column=000332544 Fraction=99.7% Gflops=6.187e+03
Column=000332800 Fraction=99.8% Gflops=6.187e+03
Column=000333056 Fraction=99.8% Gflops=6.187e+03
Column=000333312 Fraction=99.9% Gflops=6.187e+03
================================================================================
T/V                N    NB     P     Q               Time                 Gflops
--------------------------------------------------------------------------------
WR12L2L2      333568   256     8    32            4001.08             6.1843e+03
HPL_pdgesv() start time Fri Oct 24 11:48:49 2025

HPL_pdgesv() end time   Fri Oct 24 12:55:30 2025

--VVV--VVV--VVV--VVV--VVV--VVV--VVV--VVV--VVV--VVV--VVV--VVV--VVV--VVV--VVV-
Max aggregated wall time rfact . . . :              15.73
+ Max aggregated wall time pfact . . :              12.80
+ Max aggregated wall time mxswp . . :              12.61
Max aggregated wall time update  . . :            3990.51
+ Max aggregated wall time laswp . . :            1093.40
Max aggregated wall time up tr sv  . :               1.45
--------------------------------------------------------------------------------
||Ax-b||_oo/(eps*(||A||_oo*||x||_oo+||b||_oo)*N)=   1.16478761e-03 ...... PASSED
================================================================================

Finished      1 tests with the following results:
              1 tests completed and passed residual checks,
              0 tests completed and failed residual checks,
              0 tests skipped because of illegal input values.
--------------------------------------------------------------------------------

End of Tests.
================================================================================
