================================================================================
HPLinpack 2.3  --  High-Performance Linpack benchmark  --   December 2, 2018
Written by A. Petitet and R. Clint Whaley,  Innovative Computing Laboratory, UTK
Modified by Piotr Luszczek, Innovative Computing Laboratory, UTK
Modified by Julien Langou, University of Colorado Denver
================================================================================

An explanation of the input/output parameters follows:
T/V    : Wall time / encoded variant.
N      : The order of the coefficient matrix A.
NB     : The partitioning blocking factor.
P      : The number of process rows.
Q      : The number of process columns.
Time   : Time in seconds to solve the linear system.
Gflops : Rate of execution for solving the linear system.

The following parameter values will be used:

N      :   10000 
NB     :     384 
PMAP   : Row-major process mapping
P      :       8 
Q      :      32 
PFACT  :   Right 
NBMIN  :       4 
NDIV   :       2 
RFACT  :   Crout 
BCAST  :  1ringM 
DEPTH  :       1 
SWAP   : Mix (threshold = 64)
L1     : transposed form
U      : transposed form
EQUIL  : yes
ALIGN  : 8 double precision words

--------------------------------------------------------------------------------

- The matrix A is randomly generated for each test.
- The following scaled residual check will be computed:
      ||Ax-b||_oo / ( eps * ( || x ||_oo * || A ||_oo + || b ||_oo ) * N )
- The relative machine precision (eps) is taken to be               1.110223e-16
- Computational tests pass if scaled residuals are less than                16.0

Column=000000384 Fraction= 3.8% Gflops=5.426e+02
Column=000000768 Fraction= 7.7% Gflops=3.662e+02
Column=000001152 Fraction=11.5% Gflops=3.418e+02
Column=000001536 Fraction=15.4% Gflops=3.142e+02
Column=000001920 Fraction=19.2% Gflops=3.065e+02
Column=000002304 Fraction=23.0% Gflops=2.872e+02
Column=000002688 Fraction=26.9% Gflops=2.779e+02
Column=000003072 Fraction=30.7% Gflops=2.644e+02
Column=000003456 Fraction=34.6% Gflops=2.595e+02
Column=000003840 Fraction=38.4% Gflops=2.517e+02
Column=000004224 Fraction=42.2% Gflops=2.443e+02
Column=000004608 Fraction=46.1% Gflops=2.346e+02
Column=000004992 Fraction=49.9% Gflops=2.276e+02
Column=000005376 Fraction=53.8% Gflops=2.192e+02
Column=000005760 Fraction=57.6% Gflops=2.126e+02
Column=000006144 Fraction=61.4% Gflops=2.039e+02
Column=000006528 Fraction=65.3% Gflops=1.985e+02
Column=000006912 Fraction=69.1% Gflops=1.907e+02
Column=000007296 Fraction=73.0% Gflops=1.852e+02
Column=000007680 Fraction=76.8% Gflops=1.784e+02
Column=000008064 Fraction=80.6% Gflops=1.733e+02
Column=000008448 Fraction=84.5% Gflops=1.674e+02
Column=000008832 Fraction=88.3% Gflops=1.632e+02
Column=000009216 Fraction=92.2% Gflops=1.578e+02
Column=000009600 Fraction=96.0% Gflops=1.542e+02
Column=000009984 Fraction=99.8% Gflops=1.494e+02
================================================================================
T/V                N    NB     P     Q               Time                 Gflops
--------------------------------------------------------------------------------
WR11C2R4       10000   384     8    32               4.49             1.4862e+02
HPL_pdgesv() start time Fri Oct 24 01:13:34 2025

HPL_pdgesv() end time   Fri Oct 24 01:13:38 2025

--VVV--VVV--VVV--VVV--VVV--VVV--VVV--VVV--VVV--VVV--VVV--VVV--VVV--VVV--VVV-
Max aggregated wall time rfact . . . :               0.20
+ Max aggregated wall time pfact . . :               0.19
+ Max aggregated wall time mxswp . . :               0.19
Max aggregated wall time update  . . :               4.33
+ Max aggregated wall time laswp . . :               1.11
Max aggregated wall time up tr sv  . :               0.03
--------------------------------------------------------------------------------
||Ax-b||_oo/(eps*(||A||_oo*||x||_oo+||b||_oo)*N)=   5.51801666e-03 ...... PASSED
================================================================================

Finished      1 tests with the following results:
              1 tests completed and passed residual checks,
              0 tests completed and failed residual checks,
              0 tests skipped because of illegal input values.
--------------------------------------------------------------------------------

End of Tests.
================================================================================
