[anu-hpc-2025-worker-node-1.novalocal:1210591] Rank 0 bound to package[0][core:0]
[anu-hpc-2025-worker-node-1.novalocal:1210591] Rank 1 bound to package[1][core:1]
[anu-hpc-2025-worker-node-1.novalocal:1210591] Rank 2 bound to package[2][core:2]
[anu-hpc-2025-worker-node-1.novalocal:1210591] Rank 3 bound to package[3][core:3]
[anu-hpc-2025-worker-node-1.novalocal:1210591] Rank 4 bound to package[4][core:4]
[anu-hpc-2025-worker-node-1.novalocal:1210591] Rank 5 bound to package[5][core:5]
[anu-hpc-2025-worker-node-1.novalocal:1210591] Rank 6 bound to package[6][core:6]
[anu-hpc-2025-worker-node-1.novalocal:1210591] Rank 7 bound to package[7][core:7]
[anu-hpc-2025-worker-node-1.novalocal:1210591] Rank 8 bound to package[8][core:8]
[anu-hpc-2025-worker-node-1.novalocal:1210591] Rank 9 bound to package[9][core:9]
[anu-hpc-2025-worker-node-1.novalocal:1210591] Rank 11 bound to package[11][core:11]
[anu-hpc-2025-worker-node-1.novalocal:1210591] Rank 10 bound to package[10][core:10]
[anu-hpc-2025-worker-node-1.novalocal:1210591] Rank 12 bound to package[12][core:12]
[anu-hpc-2025-worker-node-1.novalocal:1210591] Rank 13 bound to package[13][core:13]
[anu-hpc-2025-worker-node-1.novalocal:1210591] Rank 14 bound to package[14][core:14]
[anu-hpc-2025-worker-node-1.novalocal:1210591] Rank 15 bound to package[15][core:15]
[anu-hpc-2025-worker-node-1.novalocal:1210591] Rank 16 bound to package[16][core:16]
[anu-hpc-2025-worker-node-1.novalocal:1210591] Rank 17 bound to package[17][core:17]
[anu-hpc-2025-worker-node-1.novalocal:1210591] Rank 18 bound to package[18][core:18]
[anu-hpc-2025-worker-node-1.novalocal:1210591] Rank 19 bound to package[19][core:19]
[anu-hpc-2025-worker-node-1.novalocal:1210591] Rank 20 bound to package[20][core:20]
[anu-hpc-2025-worker-node-1.novalocal:1210591] Rank 21 bound to package[21][core:21]
[anu-hpc-2025-worker-node-1.novalocal:1210591] Rank 22 bound to package[22][core:22]
[anu-hpc-2025-worker-node-1.novalocal:1210591] Rank 24 bound to package[24][core:24]
[anu-hpc-2025-worker-node-1.novalocal:1210591] Rank 23 bound to package[23][core:23]
[anu-hpc-2025-worker-node-1.novalocal:1210591] Rank 25 bound to package[25][core:25]
[anu-hpc-2025-worker-node-1.novalocal:1210591] Rank 26 bound to package[26][core:26]
[anu-hpc-2025-worker-node-1.novalocal:1210591] Rank 27 bound to package[27][core:27]
[anu-hpc-2025-worker-node-1.novalocal:1210591] Rank 28 bound to package[28][core:28]
[anu-hpc-2025-worker-node-1.novalocal:1210591] Rank 29 bound to package[29][core:29]
[anu-hpc-2025-worker-node-1.novalocal:1210591] Rank 30 bound to package[30][core:30]
[anu-hpc-2025-worker-node-1.novalocal:1210591] Rank 31 bound to package[31][core:31]
[anu-hpc-2025-worker-node-1.novalocal:1210591] Rank 32 bound to package[32][core:32]
[anu-hpc-2025-worker-node-1.novalocal:1210591] Rank 33 bound to package[33][core:33]
[anu-hpc-2025-worker-node-1.novalocal:1210591] Rank 34 bound to package[34][core:34]
[anu-hpc-2025-worker-node-1.novalocal:1210591] Rank 36 bound to package[36][core:36]
[anu-hpc-2025-worker-node-1.novalocal:1210591] Rank 37 bound to package[37][core:37]
[anu-hpc-2025-worker-node-1.novalocal:1210591] Rank 35 bound to package[35][core:35]
[anu-hpc-2025-worker-node-1.novalocal:1210591] Rank 38 bound to package[38][core:38]
[anu-hpc-2025-worker-node-1.novalocal:1210591] Rank 39 bound to package[39][core:39]
[anu-hpc-2025-worker-node-1.novalocal:1210591] Rank 40 bound to package[40][core:40]
[anu-hpc-2025-worker-node-1.novalocal:1210591] Rank 41 bound to package[41][core:41]
[anu-hpc-2025-worker-node-1.novalocal:1210591] Rank 42 bound to package[42][core:42]
[anu-hpc-2025-worker-node-1.novalocal:1210591] Rank 43 bound to package[43][core:43]
[anu-hpc-2025-worker-node-1.novalocal:1210591] Rank 44 bound to package[44][core:44]
[anu-hpc-2025-worker-node-1.novalocal:1210591] Rank 45 bound to package[45][core:45]
[anu-hpc-2025-worker-node-1.novalocal:1210591] Rank 46 bound to package[46][core:46]
[anu-hpc-2025-worker-node-1.novalocal:1210591] Rank 47 bound to package[47][core:47]
[anu-hpc-2025-worker-node-1.novalocal:1210591] Rank 48 bound to package[48][core:48]
[anu-hpc-2025-worker-node-1.novalocal:1210591] Rank 49 bound to package[49][core:49]
[anu-hpc-2025-worker-node-1.novalocal:1210591] Rank 51 bound to package[51][core:51]
[anu-hpc-2025-worker-node-1.novalocal:1210591] Rank 50 bound to package[50][core:50]
[anu-hpc-2025-worker-node-1.novalocal:1210591] Rank 52 bound to package[52][core:52]
[anu-hpc-2025-worker-node-1.novalocal:1210591] Rank 53 bound to package[53][core:53]
[anu-hpc-2025-worker-node-1.novalocal:1210591] Rank 54 bound to package[54][core:54]
[anu-hpc-2025-worker-node-1.novalocal:1210591] Rank 55 bound to package[55][core:55]
[anu-hpc-2025-worker-node-1.novalocal:1210591] Rank 56 bound to package[56][core:56]
[anu-hpc-2025-worker-node-1.novalocal:1210591] Rank 57 bound to package[57][core:57]
[anu-hpc-2025-worker-node-1.novalocal:1210591] Rank 59 bound to package[59][core:59]
[anu-hpc-2025-worker-node-1.novalocal:1210591] Rank 58 bound to package[58][core:58]
[anu-hpc-2025-worker-node-1.novalocal:1210591] Rank 60 bound to package[60][core:60]
[anu-hpc-2025-worker-node-1.novalocal:1210591] Rank 61 bound to package[61][core:61]
[anu-hpc-2025-worker-node-1.novalocal:1210591] Rank 62 bound to package[62][core:62]
[anu-hpc-2025-worker-node-1.novalocal:1210591] Rank 63 bound to package[63][core:63]
[anu-hpc-2025-worker-node-2.novalocal:1203917] Rank 64 bound to package[0][core:0]
[anu-hpc-2025-worker-node-2.novalocal:1203917] Rank 66 bound to package[2][core:2]
[anu-hpc-2025-worker-node-3.novalocal:1204619] Rank 128 bound to package[0][core:0]
[anu-hpc-2025-worker-node-2.novalocal:1203917] Rank 67 bound to package[3][core:3]
[anu-hpc-2025-worker-node-3.novalocal:1204619] Rank 129 bound to package[1][core:1]
[anu-hpc-2025-worker-node-4.novalocal:1199580] Rank 192 bound to package[0][core:0]
[anu-hpc-2025-worker-node-2.novalocal:1203917] Rank 65 bound to package[1][core:1]
[anu-hpc-2025-worker-node-3.novalocal:1204619] Rank 131 bound to package[3][core:3]
[anu-hpc-2025-worker-node-4.novalocal:1199580] Rank 195 bound to package[3][core:3]
[anu-hpc-2025-worker-node-2.novalocal:1203917] Rank 68 bound to package[4][core:4]
[anu-hpc-2025-worker-node-3.novalocal:1204619] Rank 130 bound to package[2][core:2]
[anu-hpc-2025-worker-node-4.novalocal:1199580] Rank 193 bound to package[1][core:1]
[anu-hpc-2025-worker-node-2.novalocal:1203917] Rank 69 bound to package[5][core:5]
[anu-hpc-2025-worker-node-3.novalocal:1204619] Rank 132 bound to package[4][core:4]
[anu-hpc-2025-worker-node-4.novalocal:1199580] Rank 194 bound to package[2][core:2]
[anu-hpc-2025-worker-node-2.novalocal:1203917] Rank 70 bound to package[6][core:6]
[anu-hpc-2025-worker-node-3.novalocal:1204619] Rank 133 bound to package[5][core:5]
[anu-hpc-2025-worker-node-4.novalocal:1199580] Rank 197 bound to package[5][core:5]
[anu-hpc-2025-worker-node-2.novalocal:1203917] Rank 71 bound to package[7][core:7]
[anu-hpc-2025-worker-node-3.novalocal:1204619] Rank 134 bound to package[6][core:6]
[anu-hpc-2025-worker-node-4.novalocal:1199580] Rank 196 bound to package[4][core:4]
[anu-hpc-2025-worker-node-2.novalocal:1203917] Rank 72 bound to package[8][core:8]
[anu-hpc-2025-worker-node-3.novalocal:1204619] Rank 135 bound to package[7][core:7]
[anu-hpc-2025-worker-node-4.novalocal:1199580] Rank 198 bound to package[6][core:6]
[anu-hpc-2025-worker-node-2.novalocal:1203917] Rank 73 bound to package[9][core:9]
[anu-hpc-2025-worker-node-3.novalocal:1204619] Rank 136 bound to package[8][core:8]
[anu-hpc-2025-worker-node-4.novalocal:1199580] Rank 200 bound to package[8][core:8]
[anu-hpc-2025-worker-node-2.novalocal:1203917] Rank 74 bound to package[10][core:10]
[anu-hpc-2025-worker-node-3.novalocal:1204619] Rank 137 bound to package[9][core:9]
[anu-hpc-2025-worker-node-4.novalocal:1199580] Rank 199 bound to package[7][core:7]
[anu-hpc-2025-worker-node-2.novalocal:1203917] Rank 75 bound to package[11][core:11]
[anu-hpc-2025-worker-node-3.novalocal:1204619] Rank 139 bound to package[11][core:11]
[anu-hpc-2025-worker-node-4.novalocal:1199580] Rank 201 bound to package[9][core:9]
[anu-hpc-2025-worker-node-2.novalocal:1203917] Rank 76 bound to package[12][core:12]
[anu-hpc-2025-worker-node-3.novalocal:1204619] Rank 138 bound to package[10][core:10]
[anu-hpc-2025-worker-node-4.novalocal:1199580] Rank 202 bound to package[10][core:10]
[anu-hpc-2025-worker-node-2.novalocal:1203917] Rank 77 bound to package[13][core:13]
[anu-hpc-2025-worker-node-3.novalocal:1204619] Rank 140 bound to package[12][core:12]
[anu-hpc-2025-worker-node-4.novalocal:1199580] Rank 203 bound to package[11][core:11]
[anu-hpc-2025-worker-node-2.novalocal:1203917] Rank 78 bound to package[14][core:14]
[anu-hpc-2025-worker-node-3.novalocal:1204619] Rank 141 bound to package[13][core:13]
[anu-hpc-2025-worker-node-4.novalocal:1199580] Rank 205 bound to package[13][core:13]
[anu-hpc-2025-worker-node-2.novalocal:1203917] Rank 79 bound to package[15][core:15]
[anu-hpc-2025-worker-node-3.novalocal:1204619] Rank 142 bound to package[14][core:14]
[anu-hpc-2025-worker-node-4.novalocal:1199580] Rank 204 bound to package[12][core:12]
[anu-hpc-2025-worker-node-2.novalocal:1203917] Rank 80 bound to package[16][core:16]
[anu-hpc-2025-worker-node-3.novalocal:1204619] Rank 143 bound to package[15][core:15]
[anu-hpc-2025-worker-node-4.novalocal:1199580] Rank 206 bound to package[14][core:14]
[anu-hpc-2025-worker-node-2.novalocal:1203917] Rank 81 bound to package[17][core:17]
[anu-hpc-2025-worker-node-3.novalocal:1204619] Rank 144 bound to package[16][core:16]
[anu-hpc-2025-worker-node-4.novalocal:1199580] Rank 207 bound to package[15][core:15]
[anu-hpc-2025-worker-node-2.novalocal:1203917] Rank 82 bound to package[18][core:18]
[anu-hpc-2025-worker-node-3.novalocal:1204619] Rank 146 bound to package[18][core:18]
[anu-hpc-2025-worker-node-4.novalocal:1199580] Rank 208 bound to package[16][core:16]
[anu-hpc-2025-worker-node-2.novalocal:1203917] Rank 83 bound to package[19][core:19]
[anu-hpc-2025-worker-node-3.novalocal:1204619] Rank 145 bound to package[17][core:17]
[anu-hpc-2025-worker-node-4.novalocal:1199580] Rank 211 bound to package[19][core:19]
[anu-hpc-2025-worker-node-2.novalocal:1203917] Rank 84 bound to package[20][core:20]
[anu-hpc-2025-worker-node-3.novalocal:1204619] Rank 147 bound to package[19][core:19]
[anu-hpc-2025-worker-node-4.novalocal:1199580] Rank 210 bound to package[18][core:18]
[anu-hpc-2025-worker-node-2.novalocal:1203917] Rank 85 bound to package[21][core:21]
[anu-hpc-2025-worker-node-3.novalocal:1204619] Rank 148 bound to package[20][core:20]
[anu-hpc-2025-worker-node-4.novalocal:1199580] Rank 209 bound to package[17][core:17]
[anu-hpc-2025-worker-node-2.novalocal:1203917] Rank 86 bound to package[22][core:22]
[anu-hpc-2025-worker-node-3.novalocal:1204619] Rank 150 bound to package[22][core:22]
[anu-hpc-2025-worker-node-4.novalocal:1199580] Rank 212 bound to package[20][core:20]
[anu-hpc-2025-worker-node-2.novalocal:1203917] Rank 87 bound to package[23][core:23]
[anu-hpc-2025-worker-node-3.novalocal:1204619] Rank 149 bound to package[21][core:21]
[anu-hpc-2025-worker-node-4.novalocal:1199580] Rank 213 bound to package[21][core:21]
[anu-hpc-2025-worker-node-2.novalocal:1203917] Rank 88 bound to package[24][core:24]
[anu-hpc-2025-worker-node-3.novalocal:1204619] Rank 152 bound to package[24][core:24]
[anu-hpc-2025-worker-node-4.novalocal:1199580] Rank 214 bound to package[22][core:22]
[anu-hpc-2025-worker-node-2.novalocal:1203917] Rank 89 bound to package[25][core:25]
[anu-hpc-2025-worker-node-3.novalocal:1204619] Rank 151 bound to package[23][core:23]
[anu-hpc-2025-worker-node-4.novalocal:1199580] Rank 215 bound to package[23][core:23]
[anu-hpc-2025-worker-node-2.novalocal:1203917] Rank 90 bound to package[26][core:26]
[anu-hpc-2025-worker-node-3.novalocal:1204619] Rank 153 bound to package[25][core:25]
[anu-hpc-2025-worker-node-4.novalocal:1199580] Rank 216 bound to package[24][core:24]
[anu-hpc-2025-worker-node-2.novalocal:1203917] Rank 91 bound to package[27][core:27]
[anu-hpc-2025-worker-node-3.novalocal:1204619] Rank 155 bound to package[27][core:27]
[anu-hpc-2025-worker-node-4.novalocal:1199580] Rank 217 bound to package[25][core:25]
[anu-hpc-2025-worker-node-2.novalocal:1203917] Rank 92 bound to package[28][core:28]
[anu-hpc-2025-worker-node-3.novalocal:1204619] Rank 154 bound to package[26][core:26]
[anu-hpc-2025-worker-node-4.novalocal:1199580] Rank 218 bound to package[26][core:26]
[anu-hpc-2025-worker-node-2.novalocal:1203917] Rank 93 bound to package[29][core:29]
[anu-hpc-2025-worker-node-3.novalocal:1204619] Rank 156 bound to package[28][core:28]
[anu-hpc-2025-worker-node-4.novalocal:1199580] Rank 220 bound to package[28][core:28]
[anu-hpc-2025-worker-node-2.novalocal:1203917] Rank 94 bound to package[30][core:30]
[anu-hpc-2025-worker-node-3.novalocal:1204619] Rank 157 bound to package[29][core:29]
[anu-hpc-2025-worker-node-4.novalocal:1199580] Rank 219 bound to package[27][core:27]
[anu-hpc-2025-worker-node-2.novalocal:1203917] Rank 95 bound to package[31][core:31]
[anu-hpc-2025-worker-node-3.novalocal:1204619] Rank 158 bound to package[30][core:30]
[anu-hpc-2025-worker-node-4.novalocal:1199580] Rank 221 bound to package[29][core:29]
[anu-hpc-2025-worker-node-2.novalocal:1203917] Rank 96 bound to package[32][core:32]
[anu-hpc-2025-worker-node-3.novalocal:1204619] Rank 159 bound to package[31][core:31]
[anu-hpc-2025-worker-node-4.novalocal:1199580] Rank 223 bound to package[31][core:31]
[anu-hpc-2025-worker-node-2.novalocal:1203917] Rank 98 bound to package[34][core:34]
[anu-hpc-2025-worker-node-3.novalocal:1204619] Rank 161 bound to package[33][core:33]
[anu-hpc-2025-worker-node-4.novalocal:1199580] Rank 222 bound to package[30][core:30]
[anu-hpc-2025-worker-node-2.novalocal:1203917] Rank 97 bound to package[33][core:33]
[anu-hpc-2025-worker-node-3.novalocal:1204619] Rank 160 bound to package[32][core:32]
[anu-hpc-2025-worker-node-4.novalocal:1199580] Rank 224 bound to package[32][core:32]
[anu-hpc-2025-worker-node-2.novalocal:1203917] Rank 99 bound to package[35][core:35]
[anu-hpc-2025-worker-node-3.novalocal:1204619] Rank 162 bound to package[34][core:34]
[anu-hpc-2025-worker-node-4.novalocal:1199580] Rank 225 bound to package[33][core:33]
[anu-hpc-2025-worker-node-2.novalocal:1203917] Rank 100 bound to package[36][core:36]
[anu-hpc-2025-worker-node-3.novalocal:1204619] Rank 163 bound to package[35][core:35]
[anu-hpc-2025-worker-node-4.novalocal:1199580] Rank 226 bound to package[34][core:34]
[anu-hpc-2025-worker-node-2.novalocal:1203917] Rank 101 bound to package[37][core:37]
[anu-hpc-2025-worker-node-3.novalocal:1204619] Rank 164 bound to package[36][core:36]
[anu-hpc-2025-worker-node-4.novalocal:1199580] Rank 227 bound to package[35][core:35]
[anu-hpc-2025-worker-node-2.novalocal:1203917] Rank 102 bound to package[38][core:38]
[anu-hpc-2025-worker-node-3.novalocal:1204619] Rank 165 bound to package[37][core:37]
[anu-hpc-2025-worker-node-4.novalocal:1199580] Rank 228 bound to package[36][core:36]
[anu-hpc-2025-worker-node-2.novalocal:1203917] Rank 103 bound to package[39][core:39]
[anu-hpc-2025-worker-node-3.novalocal:1204619] Rank 166 bound to package[38][core:38]
[anu-hpc-2025-worker-node-4.novalocal:1199580] Rank 230 bound to package[38][core:38]
[anu-hpc-2025-worker-node-2.novalocal:1203917] Rank 104 bound to package[40][core:40]
[anu-hpc-2025-worker-node-3.novalocal:1204619] Rank 167 bound to package[39][core:39]
[anu-hpc-2025-worker-node-4.novalocal:1199580] Rank 229 bound to package[37][core:37]
[anu-hpc-2025-worker-node-2.novalocal:1203917] Rank 105 bound to package[41][core:41]
[anu-hpc-2025-worker-node-3.novalocal:1204619] Rank 168 bound to package[40][core:40]
[anu-hpc-2025-worker-node-4.novalocal:1199580] Rank 232 bound to package[40][core:40]
[anu-hpc-2025-worker-node-2.novalocal:1203917] Rank 106 bound to package[42][core:42]
[anu-hpc-2025-worker-node-3.novalocal:1204619] Rank 169 bound to package[41][core:41]
[anu-hpc-2025-worker-node-4.novalocal:1199580] Rank 231 bound to package[39][core:39]
[anu-hpc-2025-worker-node-2.novalocal:1203917] Rank 107 bound to package[43][core:43]
[anu-hpc-2025-worker-node-3.novalocal:1204619] Rank 170 bound to package[42][core:42]
[anu-hpc-2025-worker-node-4.novalocal:1199580] Rank 234 bound to package[42][core:42]
[anu-hpc-2025-worker-node-2.novalocal:1203917] Rank 108 bound to package[44][core:44]
[anu-hpc-2025-worker-node-3.novalocal:1204619] Rank 171 bound to package[43][core:43]
[anu-hpc-2025-worker-node-4.novalocal:1199580] Rank 233 bound to package[41][core:41]
[anu-hpc-2025-worker-node-2.novalocal:1203917] Rank 109 bound to package[45][core:45]
[anu-hpc-2025-worker-node-3.novalocal:1204619] Rank 173 bound to package[45][core:45]
[anu-hpc-2025-worker-node-4.novalocal:1199580] Rank 235 bound to package[43][core:43]
[anu-hpc-2025-worker-node-2.novalocal:1203917] Rank 110 bound to package[46][core:46]
[anu-hpc-2025-worker-node-3.novalocal:1204619] Rank 172 bound to package[44][core:44]
[anu-hpc-2025-worker-node-4.novalocal:1199580] Rank 236 bound to package[44][core:44]
[anu-hpc-2025-worker-node-2.novalocal:1203917] Rank 111 bound to package[47][core:47]
[anu-hpc-2025-worker-node-3.novalocal:1204619] Rank 174 bound to package[46][core:46]
[anu-hpc-2025-worker-node-4.novalocal:1199580] Rank 238 bound to package[46][core:46]
[anu-hpc-2025-worker-node-2.novalocal:1203917] Rank 112 bound to package[48][core:48]
[anu-hpc-2025-worker-node-3.novalocal:1204619] Rank 175 bound to package[47][core:47]
[anu-hpc-2025-worker-node-4.novalocal:1199580] Rank 237 bound to package[45][core:45]
[anu-hpc-2025-worker-node-2.novalocal:1203917] Rank 114 bound to package[50][core:50]
[anu-hpc-2025-worker-node-3.novalocal:1204619] Rank 177 bound to package[49][core:49]
[anu-hpc-2025-worker-node-4.novalocal:1199580] Rank 240 bound to package[48][core:48]
[anu-hpc-2025-worker-node-2.novalocal:1203917] Rank 113 bound to package[49][core:49]
[anu-hpc-2025-worker-node-3.novalocal:1204619] Rank 176 bound to package[48][core:48]
[anu-hpc-2025-worker-node-4.novalocal:1199580] Rank 239 bound to package[47][core:47]
[anu-hpc-2025-worker-node-2.novalocal:1203917] Rank 115 bound to package[51][core:51]
[anu-hpc-2025-worker-node-3.novalocal:1204619] Rank 178 bound to package[50][core:50]
[anu-hpc-2025-worker-node-4.novalocal:1199580] Rank 241 bound to package[49][core:49]
[anu-hpc-2025-worker-node-2.novalocal:1203917] Rank 117 bound to package[53][core:53]
[anu-hpc-2025-worker-node-3.novalocal:1204619] Rank 179 bound to package[51][core:51]
[anu-hpc-2025-worker-node-4.novalocal:1199580] Rank 243 bound to package[51][core:51]
[anu-hpc-2025-worker-node-2.novalocal:1203917] Rank 118 bound to package[54][core:54]
[anu-hpc-2025-worker-node-3.novalocal:1204619] Rank 180 bound to package[52][core:52]
[anu-hpc-2025-worker-node-4.novalocal:1199580] Rank 242 bound to package[50][core:50]
[anu-hpc-2025-worker-node-2.novalocal:1203917] Rank 116 bound to package[52][core:52]
[anu-hpc-2025-worker-node-3.novalocal:1204619] Rank 181 bound to package[53][core:53]
[anu-hpc-2025-worker-node-4.novalocal:1199580] Rank 244 bound to package[52][core:52]
[anu-hpc-2025-worker-node-2.novalocal:1203917] Rank 119 bound to package[55][core:55]
[anu-hpc-2025-worker-node-3.novalocal:1204619] Rank 182 bound to package[54][core:54]
[anu-hpc-2025-worker-node-4.novalocal:1199580] Rank 247 bound to package[55][core:55]
[anu-hpc-2025-worker-node-2.novalocal:1203917] Rank 120 bound to package[56][core:56]
[anu-hpc-2025-worker-node-3.novalocal:1204619] Rank 185 bound to package[57][core:57]
[anu-hpc-2025-worker-node-4.novalocal:1199580] Rank 245 bound to package[53][core:53]
[anu-hpc-2025-worker-node-2.novalocal:1203917] Rank 121 bound to package[57][core:57]
[anu-hpc-2025-worker-node-3.novalocal:1204619] Rank 184 bound to package[56][core:56]
[anu-hpc-2025-worker-node-4.novalocal:1199580] Rank 246 bound to package[54][core:54]
[anu-hpc-2025-worker-node-2.novalocal:1203917] Rank 122 bound to package[58][core:58]
[anu-hpc-2025-worker-node-3.novalocal:1204619] Rank 183 bound to package[55][core:55]
[anu-hpc-2025-worker-node-4.novalocal:1199580] Rank 248 bound to package[56][core:56]
[anu-hpc-2025-worker-node-2.novalocal:1203917] Rank 124 bound to package[60][core:60]
[anu-hpc-2025-worker-node-3.novalocal:1204619] Rank 186 bound to package[58][core:58]
[anu-hpc-2025-worker-node-4.novalocal:1199580] Rank 249 bound to package[57][core:57]
[anu-hpc-2025-worker-node-2.novalocal:1203917] Rank 123 bound to package[59][core:59]
[anu-hpc-2025-worker-node-3.novalocal:1204619] Rank 187 bound to package[59][core:59]
[anu-hpc-2025-worker-node-4.novalocal:1199580] Rank 250 bound to package[58][core:58]
[anu-hpc-2025-worker-node-2.novalocal:1203917] Rank 126 bound to package[62][core:62]
[anu-hpc-2025-worker-node-3.novalocal:1204619] Rank 188 bound to package[60][core:60]
[anu-hpc-2025-worker-node-4.novalocal:1199580] Rank 253 bound to package[61][core:61]
[anu-hpc-2025-worker-node-2.novalocal:1203917] Rank 125 bound to package[61][core:61]
[anu-hpc-2025-worker-node-3.novalocal:1204619] Rank 189 bound to package[61][core:61]
[anu-hpc-2025-worker-node-4.novalocal:1199580] Rank 255 bound to package[63][core:63]
[anu-hpc-2025-worker-node-2.novalocal:1203917] Rank 127 bound to package[63][core:63]
[anu-hpc-2025-worker-node-3.novalocal:1204619] Rank 190 bound to package[62][core:62]
[anu-hpc-2025-worker-node-4.novalocal:1199580] Rank 251 bound to package[59][core:59]
[anu-hpc-2025-worker-node-3.novalocal:1204619] Rank 191 bound to package[63][core:63]
[anu-hpc-2025-worker-node-4.novalocal:1199580] Rank 254 bound to package[62][core:62]
[anu-hpc-2025-worker-node-4.novalocal:1199580] Rank 252 bound to package[60][core:60]
[anu-hpc-2025-worker-node-4:00000] *** An error occurred in Socket closed
[anu-hpc-2025-worker-node-4:00000] *** reported by process [498728961,217]
[anu-hpc-2025-worker-node-4:00000] *** on a NULL communicator
[anu-hpc-2025-worker-node-4:00000] *** Unknown error
[anu-hpc-2025-worker-node-4:00000] *** MPI_ERRORS_ARE_FATAL (processes in this communicator will now abort,
[anu-hpc-2025-worker-node-4:00000] ***    and MPI will try to terminate your MPI job as well)
--------------------------------------------------------------------------
prterun noticed that process rank 44 with PID 1210655 on node anu-hpc-2025-worker-node-1 exited on
signal 9 (Killed).
--------------------------------------------------------------------------
 