================================================================================
AMD Zen HPL 2024_10_08
Using AOCL BLIS
================================================================================
Derived from:
HPLinpack 2.3  --  High-Performance Linpack benchmark  --   December 2, 2018
Written by A. Petitet and R. Clint Whaley,  Innovative Computing Laboratory, UTK
Modified by Piotr Luszczek, Innovative Computing Laboratory, UTK
Modified by Julien Langou, University of Colorado Denver
================================================================================

An explanation of the input/output parameters follows:
T/V    : Wall time / encoded variant.
N      : The order of the coefficient matrix A.
NB     : The partitioning blocking factor.
P      : The number of process rows.
Q      : The number of process columns.
Time   : Time in seconds to solve the linear system.
Gflops : Rate of execution for solving the linear system.

The following parameter values will be used:

N      :  120000 
NB     :     256 
PMAP   : Row-major process mapping
P      :      12 
Q      :      16 
PFACT  :    Left    Crout    Right 
NBMIN  :       2        4 
NDIV   :       2 
RFACT  :    Left    Crout    Right 
BCAST  :   2ring 
DEPTH  :       1 
SWAP   : (002) Mix (@ 64)
L1     : transposed form
A      : no-transposed form (ColMajor)
EQUIL  : yes
ALIGN  : 8 double precision words
MXSWP  : (O/o) Orig 

--------------------------------------------------------------------------------

- The matrix A is randomly generated for each test.
- The following scaled residual check will be computed:
      ||Ax-b||_oo / ( eps * ( || x ||_oo * || A ||_oo + || b ||_oo ) * N )
- The relative machine precision (eps) is taken to be               1.110223e-16
- Computational tests pass if scaled residuals are less than                16.0

================================================================================
T/V         SWP           N    NB     P     Q            Time             Gflops
--------------------------------------------------------------------------------
WRC12L2L2o 002       120000   256    12    16          361.27         3.1888e+03
HPL_pdgesv() start time Fri Oct 10 15:08:14 2025
HPL_pdgesv() end time   Fri Oct 10 15:14:15 2025
--------------------------------------------------------------------------------
||Ax-b||_oo/(eps*(||A||_oo*||x||_oo+||b||_oo)*N)=   1.68180484e-03 ...... PASSED
================================================================================
T/V         SWP           N    NB     P     Q            Time             Gflops
--------------------------------------------------------------------------------
WRC12L2L4o 002       120000   256    12    16          352.05         3.2724e+03
HPL_pdgesv() start time Fri Oct 10 15:14:18 2025
HPL_pdgesv() end time   Fri Oct 10 15:20:10 2025
--------------------------------------------------------------------------------
||Ax-b||_oo/(eps*(||A||_oo*||x||_oo+||b||_oo)*N)=   1.78894643e-03 ...... PASSED
================================================================================
T/V         SWP           N    NB     P     Q            Time             Gflops
--------------------------------------------------------------------------------
WRC12L2C2o 002       120000   256    12    16          361.96         3.1827e+03
HPL_pdgesv() start time Fri Oct 10 15:20:12 2025
HPL_pdgesv() end time   Fri Oct 10 15:26:14 2025
--------------------------------------------------------------------------------
||Ax-b||_oo/(eps*(||A||_oo*||x||_oo+||b||_oo)*N)=   1.68180484e-03 ...... PASSED
================================================================================
T/V         SWP           N    NB     P     Q            Time             Gflops
--------------------------------------------------------------------------------
WRC12L2C4o 002       120000   256    12    16          362.45         3.1784e+03
HPL_pdgesv() start time Fri Oct 10 15:26:17 2025
HPL_pdgesv() end time   Fri Oct 10 15:32:19 2025
--------------------------------------------------------------------------------
||Ax-b||_oo/(eps*(||A||_oo*||x||_oo+||b||_oo)*N)=   1.80145885e-03 ...... PASSED
================================================================================
T/V         SWP           N    NB     P     Q            Time             Gflops
--------------------------------------------------------------------------------
WRC12L2R2o 002       120000   256    12    16          365.48         3.1520e+03
HPL_pdgesv() start time Fri Oct 10 15:32:22 2025
HPL_pdgesv() end time   Fri Oct 10 15:38:27 2025
--------------------------------------------------------------------------------
||Ax-b||_oo/(eps*(||A||_oo*||x||_oo+||b||_oo)*N)=   1.68180484e-03 ...... PASSED
================================================================================
T/V         SWP           N    NB     P     Q            Time             Gflops
--------------------------------------------------------------------------------
WRC12L2R4o 002       120000   256    12    16          366.85         3.1403e+03
HPL_pdgesv() start time Fri Oct 10 15:38:30 2025
HPL_pdgesv() end time   Fri Oct 10 15:44:36 2025
--------------------------------------------------------------------------------
||Ax-b||_oo/(eps*(||A||_oo*||x||_oo+||b||_oo)*N)=   1.80145885e-03 ...... PASSED
================================================================================
T/V         SWP           N    NB     P     Q            Time             Gflops
--------------------------------------------------------------------------------
WRC12C2L2o 002       120000   256    12    16          366.94         3.1396e+03
HPL_pdgesv() start time Fri Oct 10 15:44:39 2025
HPL_pdgesv() end time   Fri Oct 10 15:50:46 2025
--------------------------------------------------------------------------------
||Ax-b||_oo/(eps*(||A||_oo*||x||_oo+||b||_oo)*N)=   1.68180484e-03 ...... PASSED
================================================================================
T/V         SWP           N    NB     P     Q            Time             Gflops
--------------------------------------------------------------------------------
WRC12C2L4o 002       120000   256    12    16          398.25         2.8927e+03
HPL_pdgesv() start time Fri Oct 10 15:50:48 2025
HPL_pdgesv() end time   Fri Oct 10 15:57:26 2025
--------------------------------------------------------------------------------
||Ax-b||_oo/(eps*(||A||_oo*||x||_oo+||b||_oo)*N)=   1.78894643e-03 ...... PASSED
================================================================================
T/V         SWP           N    NB     P     Q            Time             Gflops
--------------------------------------------------------------------------------
WRC12C2C2o 002       120000   256    12    16          513.59         2.2431e+03
HPL_pdgesv() start time Fri Oct 10 15:57:28 2025
HPL_pdgesv() end time   Fri Oct 10 16:06:02 2025
--------------------------------------------------------------------------------
||Ax-b||_oo/(eps*(||A||_oo*||x||_oo+||b||_oo)*N)=   1.68180484e-03 ...... PASSED
================================================================================
T/V         SWP           N    NB     P     Q            Time             Gflops
--------------------------------------------------------------------------------
WRC12C2C4o 002       120000   256    12    16          358.56         3.2129e+03
HPL_pdgesv() start time Fri Oct 10 16:06:05 2025
HPL_pdgesv() end time   Fri Oct 10 16:12:03 2025
--------------------------------------------------------------------------------
||Ax-b||_oo/(eps*(||A||_oo*||x||_oo+||b||_oo)*N)=   1.80145885e-03 ...... PASSED
================================================================================
T/V         SWP           N    NB     P     Q            Time             Gflops
--------------------------------------------------------------------------------
WRC12C2R2o 002       120000   256    12    16          358.12         3.2169e+03
HPL_pdgesv() start time Fri Oct 10 16:12:05 2025
HPL_pdgesv() end time   Fri Oct 10 16:18:04 2025
--------------------------------------------------------------------------------
||Ax-b||_oo/(eps*(||A||_oo*||x||_oo+||b||_oo)*N)=   1.68180484e-03 ...... PASSED
================================================================================
T/V         SWP           N    NB     P     Q            Time             Gflops
--------------------------------------------------------------------------------
WRC12C2R4o 002       120000   256    12    16          360.30         3.1974e+03
HPL_pdgesv() start time Fri Oct 10 16:18:06 2025
HPL_pdgesv() end time   Fri Oct 10 16:24:06 2025
--------------------------------------------------------------------------------
||Ax-b||_oo/(eps*(||A||_oo*||x||_oo+||b||_oo)*N)=   1.80145885e-03 ...... PASSED
================================================================================
T/V         SWP           N    NB     P     Q            Time             Gflops
--------------------------------------------------------------------------------
WRC12R2L2o 002       120000   256    12    16          383.87         3.0011e+03
HPL_pdgesv() start time Fri Oct 10 16:24:08 2025
HPL_pdgesv() end time   Fri Oct 10 16:30:32 2025
--------------------------------------------------------------------------------
||Ax-b||_oo/(eps*(||A||_oo*||x||_oo+||b||_oo)*N)=   1.68180484e-03 ...... PASSED
================================================================================
T/V         SWP           N    NB     P     Q            Time             Gflops
--------------------------------------------------------------------------------
WRC12R2L4o 002       120000   256    12    16          367.02         3.1388e+03
HPL_pdgesv() start time Fri Oct 10 16:30:34 2025
HPL_pdgesv() end time   Fri Oct 10 16:36:41 2025
--------------------------------------------------------------------------------
||Ax-b||_oo/(eps*(||A||_oo*||x||_oo+||b||_oo)*N)=   1.78894643e-03 ...... PASSED
================================================================================
T/V         SWP           N    NB     P     Q            Time             Gflops
--------------------------------------------------------------------------------
WRC12R2C2o 002       120000   256    12    16          358.47         3.2137e+03
HPL_pdgesv() start time Fri Oct 10 16:36:43 2025
HPL_pdgesv() end time   Fri Oct 10 16:42:42 2025
--------------------------------------------------------------------------------
||Ax-b||_oo/(eps*(||A||_oo*||x||_oo+||b||_oo)*N)=   1.68180484e-03 ...... PASSED
================================================================================
T/V         SWP           N    NB     P     Q            Time             Gflops
--------------------------------------------------------------------------------
WRC12R2C4o 002       120000   256    12    16          364.11         3.1639e+03
HPL_pdgesv() start time Fri Oct 10 16:42:44 2025
HPL_pdgesv() end time   Fri Oct 10 16:48:48 2025
--------------------------------------------------------------------------------
||Ax-b||_oo/(eps*(||A||_oo*||x||_oo+||b||_oo)*N)=   1.80145885e-03 ...... PASSED
================================================================================
T/V         SWP           N    NB     P     Q            Time             Gflops
--------------------------------------------------------------------------------
WRC12R2R2o 002       120000   256    12    16          459.94         2.5047e+03
HPL_pdgesv() start time Fri Oct 10 16:48:50 2025
HPL_pdgesv() end time   Fri Oct 10 16:56:30 2025
--------------------------------------------------------------------------------
||Ax-b||_oo/(eps*(||A||_oo*||x||_oo+||b||_oo)*N)=   1.68180484e-03 ...... PASSED
================================================================================
T/V         SWP           N    NB     P     Q            Time             Gflops
--------------------------------------------------------------------------------
WRC12R2R4o 002       120000   256    12    16          415.49         2.7727e+03
HPL_pdgesv() start time Fri Oct 10 16:56:33 2025
HPL_pdgesv() end time   Fri Oct 10 17:03:28 2025
--------------------------------------------------------------------------------
||Ax-b||_oo/(eps*(||A||_oo*||x||_oo+||b||_oo)*N)=   1.80145885e-03 ...... PASSED
================================================================================

Finished     18 tests with the following results:
             18 tests completed and passed residual checks,
              0 tests completed and failed residual checks,
              0 tests skipped because of illegal input values.
--------------------------------------------------------------------------------

End of Tests.
================================================================================
