anu-hpc-2025-cpu-cluster-1-of-3
/bin/mpirun
PATH is: /home/exouser/bin:/opt/AMDuProf_Linux_x64_5.1.701/bin:/home/exouser/bin:/bin:/bin:/opt/AMDuProf_Linux_x64_5.1-701/bin:/opt/AMDuProf_Linux_x64_5.1-701/bin:/opt/openmpi-4.1.6/bin:/usr/local/sbin:/usr/local/bin:/usr/sbin:/usr/bin:/sbin:/bin:/usr/games:/usr/local/games:/snap/bin:/opt/TurboVNC/bin/
SLURM_TMP_BASE=/_HPC/tmp/slurm_jobs_18404891656
SLURM_JOB_USER=exouser
SLURM_TASKS_PER_NODE=64(x3)
SLURM_JOB_UID=1001
SLURM_TASK_PID=206016
SLURM_LOCALID=0
SLURM_SUBMIT_DIR=/home/exouser/actions-runner/_work/HPC-Jetstream-Cluster/HPC-Jetstream-Cluster
SLURMD_NODENAME=anu-hpc-2025-cpu-cluster-1-of-3
GITHUB_PATH=/home/exouser/actions-runner/_work/_temp/_runner_file_commands/add_path_a9916ef1-6cc5-4f44-8227-f2d7a5a19cf9
SLURM_JOB_START_TIME=1760095070
SLURM_CLUSTER_NAME=(null)
SLURM_JOB_END_TIME=1760095670
SLURM_CPUS_ON_NODE=64
SLURM_JOB_CPUS_PER_NODE=64(x3)
SLURM_GTIDS=0
SLURM_JOB_PARTITION=debug
SLURM_TRES_PER_TASK=cpu:1
SLURM_JOB_NUM_NODES=3
SLURM_JOBID=12
SLURM_PROCID=0
SLURM_CPUS_PER_TASK=1
SLURM_NTASKS=192
GITHUB_EVENT_PATH=/home/exouser/actions-runner/_work/_temp/_github_workflow/event.json
SLURM_TOPOLOGY_ADDR=anu-hpc-2025-cpu-cluster-1-of-3
SLURM_TOPOLOGY_ADDR_PATTERN=node
SLURM_NODELIST=anu-hpc-2025-cpu-cluster-1-of-3,anu-hpc-2025-cpu-cluster-2-of-3,anu-hpc-2025-cpu-cluster-3-of-3
SLURM_PRIO_PROCESS=0
SLURM_NPROCS=192
SLURM_NNODES=3
SLURM_SUBMIT_HOST=anu-hpc-2025-login-node
LD_LIBRARY_PATH=/opt/AMDuProf_Linux_x64_5.1.701/lib:/lib:/lib:/opt/openmpi-4.1.6/lib:
SLURM_JOB_ID=12
SLURM_NODEID=0
SLURM_CONF=/etc/slurm/slurm.conf
PATH=/home/exouser/bin:/opt/AMDuProf_Linux_x64_5.1.701/bin:/home/exouser/bin:/bin:/bin:/opt/AMDuProf_Linux_x64_5.1-701/bin:/opt/AMDuProf_Linux_x64_5.1-701/bin:/opt/openmpi-4.1.6/bin:/usr/local/sbin:/usr/local/bin:/usr/sbin:/usr/bin:/sbin:/bin:/usr/games:/usr/local/games:/snap/bin:/opt/TurboVNC/bin/
SLURM_JOB_NAME=hpl-test
SLURM_NTASKS_PER_NODE=64
SLURM_JOB_GID=1001
GITHUB_WORKFLOW=Run SLURM Jobs
SLURM_JOB_NODELIST=anu-hpc-2025-cpu-cluster-1-of-3,anu-hpc-2025-cpu-cluster-2-of-3,anu-hpc-2025-cpu-cluster-3-of-3
TESTTESTTEST
anu-hpc-2025-cpu-cluster-1-of-3
/usr/bin/mpirun
PATH is: /opt/slurm/bin:/usr/bin:/bin:/opt/openmpi-4.1.6/bin:/home/exouser/bin:/opt/AMDuProf_Linux_x64_5.1.701/bin:/home/exouser/bin:/bin:/bin:/opt/AMDuProf_Linux_x64_5.1-701/bin:/opt/AMDuProf_Linux_x64_5.1-701/bin:/opt/openmpi-4.1.6/bin:/usr/local/sbin:/usr/local/bin:/usr/sbin:/usr/bin:/sbin:/bin:/usr/games:/usr/local/games:/snap/bin:/opt/TurboVNC/bin/
SLURM_TMP_BASE=/_HPC/tmp/slurm_jobs_18404891656
SLURM_JOB_USER=exouser
SLURM_TASKS_PER_NODE=64(x3)
SLURM_JOB_UID=1001
SLURM_TASK_PID=206016
SLURM_LOCALID=0
SLURM_SUBMIT_DIR=/home/exouser/actions-runner/_work/HPC-Jetstream-Cluster/HPC-Jetstream-Cluster
SLURMD_NODENAME=anu-hpc-2025-cpu-cluster-1-of-3
GITHUB_PATH=/home/exouser/actions-runner/_work/_temp/_runner_file_commands/add_path_a9916ef1-6cc5-4f44-8227-f2d7a5a19cf9
SLURM_JOB_START_TIME=1760095070
SLURM_CLUSTER_NAME=(null)
SLURM_JOB_END_TIME=1760095670
SLURM_CPUS_ON_NODE=64
SLURM_JOB_CPUS_PER_NODE=64(x3)
SLURM_GTIDS=0
SLURM_JOB_PARTITION=debug
SLURM_TRES_PER_TASK=cpu:1
SLURM_JOB_NUM_NODES=3
SLURM_JOBID=12
SLURM_PROCID=0
SLURM_CPUS_PER_TASK=1
SLURM_NTASKS=192
GITHUB_EVENT_PATH=/home/exouser/actions-runner/_work/_temp/_github_workflow/event.json
SLURM_TOPOLOGY_ADDR=anu-hpc-2025-cpu-cluster-1-of-3
SLURM_TOPOLOGY_ADDR_PATTERN=node
SLURM_NODELIST=anu-hpc-2025-cpu-cluster-1-of-3,anu-hpc-2025-cpu-cluster-2-of-3,anu-hpc-2025-cpu-cluster-3-of-3
SLURM_PRIO_PROCESS=0
SLURM_NPROCS=192
SLURM_NNODES=3
SLURM_SUBMIT_HOST=anu-hpc-2025-login-node
LD_LIBRARY_PATH=/opt/openmpi-4.1.6/lib:/opt/AMDuProf_Linux_x64_5.1.701/lib:/lib:/lib:/opt/openmpi-4.1.6/lib:
SLURM_JOB_ID=12
SLURM_NODEID=0
SLURM_CONF=/etc/slurm/slurm.conf
PATH=/opt/slurm/bin:/usr/bin:/bin:/opt/openmpi-4.1.6/bin:/home/exouser/bin:/opt/AMDuProf_Linux_x64_5.1.701/bin:/home/exouser/bin:/bin:/bin:/opt/AMDuProf_Linux_x64_5.1-701/bin:/opt/AMDuProf_Linux_x64_5.1-701/bin:/opt/openmpi-4.1.6/bin:/usr/local/sbin:/usr/local/bin:/usr/sbin:/usr/bin:/sbin:/bin:/usr/games:/usr/local/games:/snap/bin:/opt/TurboVNC/bin/
SLURM_JOB_NAME=hpl-test
SLURM_NTASKS_PER_NODE=64
SLURM_JOB_GID=1001
GITHUB_WORKFLOW=Run SLURM Jobs
SLURM_JOB_NODELIST=anu-hpc-2025-cpu-cluster-1-of-3,anu-hpc-2025-cpu-cluster-2-of-3,anu-hpc-2025-cpu-cluster-3-of-3
